{"/home/travis/build/npmtest/node-npmtest-devtool/test.js":{"path":"/home/travis/build/npmtest/node-npmtest-devtool/test.js","s":{"1":2,"2":2,"3":2,"4":2,"5":2,"6":2,"7":2,"8":1,"9":2,"10":2,"11":1,"12":1,"13":1,"14":1,"15":2,"16":2,"17":2,"18":2,"19":1,"20":1,"21":2,"22":2,"23":2,"24":1,"25":1,"26":1,"27":1,"28":1,"29":1,"30":1,"31":1,"32":1,"33":1,"34":1,"35":1,"36":1,"37":1,"38":1,"39":2,"40":2,"41":1,"42":2,"43":2,"44":1,"45":2,"46":2,"47":1,"48":2,"49":2,"50":1,"51":1,"52":1,"53":1,"54":1},"b":{"1":[2,1,1,1],"2":[1,1,1,1],"3":[1,1],"4":[1,1],"5":[1,1],"6":[1,1],"7":[1,1],"8":[1,1],"9":[1,1],"10":[1,1,1],"11":[1,1],"12":[1,1],"13":[1,1],"14":[1,1],"15":[1,1],"16":[1,1],"17":[1,1]},"f":{"1":2,"2":2,"3":2,"4":2,"5":2,"6":1,"7":1,"8":1,"9":2,"10":2,"11":2,"12":2,"13":1},"fnMap":{"1":{"name":"(anonymous_1)","line":12,"loc":{"start":{"line":12,"column":1},"end":{"line":12,"column":13}}},"2":{"name":"(anonymous_2)","line":19,"loc":{"start":{"line":19,"column":5},"end":{"line":19,"column":17}}},"3":{"name":"(anonymous_3)","line":23,"loc":{"start":{"line":23,"column":24},"end":{"line":23,"column":36}}},"4":{"name":"(anonymous_4)","line":61,"loc":{"start":{"line":61,"column":5},"end":{"line":61,"column":17}}},"5":{"name":"(anonymous_5)","line":82,"loc":{"start":{"line":82,"column":5},"end":{"line":82,"column":17}}},"6":{"name":"(anonymous_6)","line":91,"loc":{"start":{"line":91,"column":77},"end":{"line":94,"column":10}}},"7":{"name":"(anonymous_7)","line":112,"loc":{"start":{"line":112,"column":83},"end":{"line":115,"column":10}},"skip":true},"8":{"name":"(anonymous_8)","line":123,"loc":{"start":{"line":123,"column":77},"end":{"line":126,"column":10}},"skip":true},"9":{"name":"(anonymous_9)","line":139,"loc":{"start":{"line":139,"column":12},"end":{"line":139,"column":40}},"skip":true},"10":{"name":"(anonymous_10)","line":147,"loc":{"start":{"line":147,"column":77},"end":{"line":150,"column":10}},"skip":true},"11":{"name":"(anonymous_11)","line":158,"loc":{"start":{"line":158,"column":83},"end":{"line":161,"column":10}},"skip":true},"12":{"name":"(anonymous_12)","line":169,"loc":{"start":{"line":169,"column":79},"end":{"line":172,"column":10}},"skip":true},"13":{"name":"(anonymous_13)","line":180,"loc":{"start":{"line":180,"column":75},"end":{"line":183,"column":10}},"skip":true}},"statementMap":{"1":{"start":{"line":12,"column":0},"end":{"line":195,"column":5}},"2":{"start":{"line":14,"column":4},"end":{"line":14,"column":14}},"3":{"start":{"line":19,"column":4},"end":{"line":56,"column":9}},"4":{"start":{"line":21,"column":8},"end":{"line":21,"column":19}},"5":{"start":{"line":23,"column":8},"end":{"line":35,"column":13}},"6":{"start":{"line":24,"column":12},"end":{"line":34,"column":13}},"7":{"start":{"line":25,"column":16},"end":{"line":28,"column":30}},"8":{"start":{"line":30,"column":16},"end":{"line":33,"column":27}},"9":{"start":{"line":37,"column":8},"end":{"line":39,"column":21}},"10":{"start":{"line":40,"column":8},"end":{"line":53,"column":9}},"11":{"start":{"line":43,"column":12},"end":{"line":46,"column":14}},"12":{"start":{"line":47,"column":12},"end":{"line":47,"column":18}},"13":{"start":{"line":50,"column":12},"end":{"line":51,"column":33}},"14":{"start":{"line":52,"column":12},"end":{"line":52,"column":18}},"15":{"start":{"line":55,"column":8},"end":{"line":55,"column":35}},"16":{"start":{"line":61,"column":4},"end":{"line":63,"column":9}},"17":{"start":{"line":62,"column":8},"end":{"line":62,"column":15}},"18":{"start":{"line":64,"column":4},"end":{"line":77,"column":5}},"19":{"start":{"line":70,"column":8},"end":{"line":70,"column":14}},"20":{"start":{"line":76,"column":8},"end":{"line":76,"column":14}},"21":{"start":{"line":82,"column":4},"end":{"line":84,"column":9}},"22":{"start":{"line":83,"column":8},"end":{"line":83,"column":15}},"23":{"start":{"line":85,"column":4},"end":{"line":194,"column":5}},"24":{"start":{"line":91,"column":8},"end":{"line":99,"column":10}},"25":{"start":{"line":98,"column":12},"end":{"line":98,"column":35}},"26":{"start":{"line":102,"column":8},"end":{"line":104,"column":63}},"27":{"start":{"line":105,"column":8},"end":{"line":105,"column":14}},"28":{"start":{"line":112,"column":8},"end":{"line":121,"column":10},"skip":true},"29":{"start":{"line":119,"column":12},"end":{"line":119,"column":55},"skip":true},"30":{"start":{"line":120,"column":12},"end":{"line":120,"column":48},"skip":true},"31":{"start":{"line":123,"column":8},"end":{"line":136,"column":10},"skip":true},"32":{"start":{"line":130,"column":12},"end":{"line":130,"column":76},"skip":true},"33":{"start":{"line":131,"column":12},"end":{"line":131,"column":73},"skip":true},"34":{"start":{"line":132,"column":12},"end":{"line":132,"column":74},"skip":true},"35":{"start":{"line":133,"column":12},"end":{"line":133,"column":79},"skip":true},"36":{"start":{"line":134,"column":12},"end":{"line":134,"column":25},"skip":true},"37":{"start":{"line":135,"column":12},"end":{"line":135,"column":45},"skip":true},"38":{"start":{"line":138,"column":8},"end":{"line":145,"column":14},"skip":true},"39":{"start":{"line":143,"column":16},"end":{"line":143,"column":29},"skip":true},"40":{"start":{"line":144,"column":16},"end":{"line":144,"column":55},"skip":true},"41":{"start":{"line":147,"column":8},"end":{"line":156,"column":10},"skip":true},"42":{"start":{"line":154,"column":12},"end":{"line":154,"column":25},"skip":true},"43":{"start":{"line":155,"column":12},"end":{"line":155,"column":45},"skip":true},"44":{"start":{"line":158,"column":8},"end":{"line":167,"column":10},"skip":true},"45":{"start":{"line":165,"column":12},"end":{"line":165,"column":25},"skip":true},"46":{"start":{"line":166,"column":12},"end":{"line":166,"column":48},"skip":true},"47":{"start":{"line":169,"column":8},"end":{"line":178,"column":10},"skip":true},"48":{"start":{"line":176,"column":12},"end":{"line":176,"column":25},"skip":true},"49":{"start":{"line":177,"column":12},"end":{"line":177,"column":46},"skip":true},"50":{"start":{"line":180,"column":8},"end":{"line":189,"column":10},"skip":true},"51":{"start":{"line":187,"column":12},"end":{"line":187,"column":94},"skip":true},"52":{"start":{"line":188,"column":12},"end":{"line":188,"column":48},"skip":true},"53":{"start":{"line":192,"column":8},"end":{"line":192,"column":35},"skip":true},"54":{"start":{"line":193,"column":8},"end":{"line":193,"column":14},"skip":true}},"branchMap":{"1":{"line":25,"type":"binary-expr","locations":[{"start":{"line":25,"column":23},"end":{"line":25,"column":62}},{"start":{"line":26,"column":20},"end":{"line":26,"column":70}},{"start":{"line":27,"column":20},"end":{"line":27,"column":71}},{"start":{"line":28,"column":20},"end":{"line":28,"column":29}}]},"2":{"line":30,"type":"binary-expr","locations":[{"start":{"line":30,"column":23},"end":{"line":30,"column":37}},{"start":{"line":31,"column":20},"end":{"line":31,"column":61}},{"start":{"line":32,"column":20},"end":{"line":32,"column":70}},{"start":{"line":33,"column":20},"end":{"line":33,"column":26}}]},"3":{"line":37,"type":"cond-expr","locations":[{"start":{"line":38,"column":14},"end":{"line":38,"column":20}},{"start":{"line":39,"column":14},"end":{"line":39,"column":20}}]},"4":{"line":40,"type":"switch","locations":[{"start":{"line":42,"column":8},"end":{"line":47,"column":18}},{"start":{"line":49,"column":8},"end":{"line":52,"column":18}}]},"5":{"line":44,"type":"binary-expr","locations":[{"start":{"line":44,"column":16},"end":{"line":44,"column":44}},{"start":{"line":44,"column":48},"end":{"line":44,"column":66}}]},"6":{"line":50,"type":"binary-expr","locations":[{"start":{"line":50,"column":21},"end":{"line":50,"column":49}},{"start":{"line":50,"column":53},"end":{"line":50,"column":72}}]},"7":{"line":64,"type":"switch","locations":[{"start":{"line":69,"column":4},"end":{"line":70,"column":14}},{"start":{"line":75,"column":4},"end":{"line":76,"column":14}}]},"8":{"line":85,"type":"switch","locations":[{"start":{"line":90,"column":4},"end":{"line":105,"column":14}},{"start":{"line":111,"column":4},"end":{"line":193,"column":14},"skip":true}]},"9":{"line":91,"type":"binary-expr","locations":[{"start":{"line":91,"column":42},"end":{"line":91,"column":73}},{"start":{"line":91,"column":77},"end":{"line":99,"column":9}}]},"10":{"line":102,"type":"binary-expr","locations":[{"start":{"line":102,"column":18},"end":{"line":102,"column":32}},{"start":{"line":103,"column":12},"end":{"line":103,"column":53}},{"start":{"line":104,"column":12},"end":{"line":104,"column":61}}]},"11":{"line":112,"type":"binary-expr","locations":[{"start":{"line":112,"column":45},"end":{"line":112,"column":79},"skip":true},{"start":{"line":112,"column":83},"end":{"line":121,"column":9},"skip":true}]},"12":{"line":123,"type":"binary-expr","locations":[{"start":{"line":123,"column":42},"end":{"line":123,"column":73},"skip":true},{"start":{"line":123,"column":77},"end":{"line":136,"column":9},"skip":true}]},"13":{"line":138,"type":"binary-expr","locations":[{"start":{"line":138,"column":48},"end":{"line":138,"column":85},"skip":true},{"start":{"line":139,"column":12},"end":{"line":145,"column":13},"skip":true}]},"14":{"line":147,"type":"binary-expr","locations":[{"start":{"line":147,"column":42},"end":{"line":147,"column":73},"skip":true},{"start":{"line":147,"column":77},"end":{"line":156,"column":9},"skip":true}]},"15":{"line":158,"type":"binary-expr","locations":[{"start":{"line":158,"column":45},"end":{"line":158,"column":79},"skip":true},{"start":{"line":158,"column":83},"end":{"line":167,"column":9},"skip":true}]},"16":{"line":169,"type":"binary-expr","locations":[{"start":{"line":169,"column":43},"end":{"line":169,"column":75},"skip":true},{"start":{"line":169,"column":79},"end":{"line":178,"column":9},"skip":true}]},"17":{"line":180,"type":"binary-expr","locations":[{"start":{"line":180,"column":41},"end":{"line":180,"column":71},"skip":true},{"start":{"line":180,"column":75},"end":{"line":189,"column":9},"skip":true}]}},"code":["/* istanbul instrument in package npmtest_devtool */","/*jslint","    bitwise: true,","    browser: true,","    maxerr: 8,","    maxlen: 96,","    node: true,","    nomen: true,","    regexp: true,","    stupid: true","*/","(function () {","    'use strict';","    var local;","","","","    // run shared js-env code - init-before","    (function () {","        // init local","        local = {};","        // init modeJs","        local.modeJs = (function () {","            try {","                return typeof navigator.userAgent === 'string' &&","                    typeof document.querySelector('body') === 'object' &&","                    typeof XMLHttpRequest.prototype.open === 'function' &&","                    'browser';","            } catch (errorCaughtBrowser) {","                return module.exports &&","                    typeof process.versions.node === 'string' &&","                    typeof require('http').createServer === 'function' &&","                    'node';","            }","        }());","        // init global","        local.global = local.modeJs === 'browser'","            ? window","            : global;","        switch (local.modeJs) {","        // re-init local from window.local","        case 'browser':","            local = local.global.utility2.objectSetDefault(","                local.global.utility2_rollup || local.global.local,","                local.global.utility2","            );","            break;","        // re-init local from example.js","        case 'node':","            local = (local.global.utility2_rollup || require('utility2'))","                .requireReadme();","            break;","        }","        // export local","        local.global.local = local;","    }());","","","","    // run shared js-env code - function","    (function () {","        return;","    }());","    switch (local.modeJs) {","","","","    // run browser js-env code - function","    case 'browser':","        break;","","","","    // run node js-env code - function","    case 'node':","        break;","    }","","","","    // run shared js-env code - init-after","    (function () {","        return;","    }());","    switch (local.modeJs) {","","","","    // run browser js-env code - init-after","    case 'browser':","        local.testCase_browser_nullCase = local.testCase_browser_nullCase || function (","            options,","            onError","        ) {","        /*","         * this function will test browsers's null-case handling-behavior-behavior","         */","            onError(null, options);","        };","","        // run tests","        local.nop(local.modeTest &&","            document.querySelector('#testRunButton1') &&","            document.querySelector('#testRunButton1').click());","        break;","","","","    // run node js-env code - init-after","    /* istanbul ignore next */","    case 'node':","        local.testCase_buildApidoc_default = local.testCase_buildApidoc_default || function (","            options,","            onError","        ) {","        /*","         * this function will test buildApidoc's default handling-behavior-behavior","         */","            options = { modulePathList: module.paths };","            local.buildApidoc(options, onError);","        };","","        local.testCase_buildApp_default = local.testCase_buildApp_default || function (","            options,","            onError","        ) {","        /*","         * this function will test buildApp's default handling-behavior-behavior","         */","            local.testCase_buildReadme_default(options, local.onErrorThrow);","            local.testCase_buildLib_default(options, local.onErrorThrow);","            local.testCase_buildTest_default(options, local.onErrorThrow);","            local.testCase_buildCustomOrg_default(options, local.onErrorThrow);","            options = [];","            local.buildApp(options, onError);","        };","","        local.testCase_buildCustomOrg_default = local.testCase_buildCustomOrg_default ||","            function (options, onError) {","            /*","             * this function will test buildCustomOrg's default handling-behavior","             */","                options = {};","                local.buildCustomOrg(options, onError);","            };","","        local.testCase_buildLib_default = local.testCase_buildLib_default || function (","            options,","            onError","        ) {","        /*","         * this function will test buildLib's default handling-behavior","         */","            options = {};","            local.buildLib(options, onError);","        };","","        local.testCase_buildReadme_default = local.testCase_buildReadme_default || function (","            options,","            onError","        ) {","        /*","         * this function will test buildReadme's default handling-behavior-behavior","         */","            options = {};","            local.buildReadme(options, onError);","        };","","        local.testCase_buildTest_default = local.testCase_buildTest_default || function (","            options,","            onError","        ) {","        /*","         * this function will test buildTest's default handling-behavior","         */","            options = {};","            local.buildTest(options, onError);","        };","","        local.testCase_webpage_default = local.testCase_webpage_default || function (","            options,","            onError","        ) {","        /*","         * this function will test webpage's default handling-behavior","         */","            options = { modeCoverageMerge: true, url: local.serverLocalHost + '?modeTest=1' };","            local.browserTest(options, onError);","        };","","        // run test-server","        local.testRunServer(local);","        break;","    }","}());",""],"l":{"12":2,"14":2,"19":2,"21":2,"23":2,"24":2,"25":2,"30":1,"37":2,"40":2,"43":1,"47":1,"50":1,"52":1,"55":2,"61":2,"62":2,"64":2,"70":1,"76":1,"82":2,"83":2,"85":2,"91":1,"98":1,"102":1,"105":1,"112":1,"119":1,"120":1,"123":1,"130":1,"131":1,"132":1,"133":1,"134":1,"135":1,"138":1,"143":2,"144":2,"147":1,"154":2,"155":2,"158":1,"165":2,"166":2,"169":1,"176":2,"177":2,"180":1,"187":1,"188":1,"192":1,"193":1}},"/home/travis/build/npmtest/node-npmtest-devtool/lib.npmtest_devtool.js":{"path":"/home/travis/build/npmtest/node-npmtest-devtool/lib.npmtest_devtool.js","s":{"1":2,"2":2,"3":2,"4":2,"5":2,"6":2,"7":2,"8":1,"9":2,"10":2,"11":2,"12":2,"13":1,"14":1,"15":1,"16":1},"b":{"1":[2,1,1,1],"2":[1,1,1,1],"3":[1,1],"4":[2,2],"5":[1,1]},"f":{"1":2,"2":2,"3":2},"fnMap":{"1":{"name":"(anonymous_1)","line":12,"loc":{"start":{"line":12,"column":1},"end":{"line":12,"column":13}}},"2":{"name":"(anonymous_2)","line":19,"loc":{"start":{"line":19,"column":5},"end":{"line":19,"column":17}}},"3":{"name":"(anonymous_3)","line":23,"loc":{"start":{"line":23,"column":24},"end":{"line":23,"column":36}}}},"statementMap":{"1":{"start":{"line":12,"column":0},"end":{"line":53,"column":5}},"2":{"start":{"line":14,"column":4},"end":{"line":14,"column":14}},"3":{"start":{"line":19,"column":4},"end":{"line":52,"column":9}},"4":{"start":{"line":21,"column":8},"end":{"line":21,"column":19}},"5":{"start":{"line":23,"column":8},"end":{"line":35,"column":13}},"6":{"start":{"line":24,"column":12},"end":{"line":34,"column":13}},"7":{"start":{"line":25,"column":16},"end":{"line":28,"column":30}},"8":{"start":{"line":30,"column":16},"end":{"line":33,"column":27}},"9":{"start":{"line":37,"column":8},"end":{"line":39,"column":21}},"10":{"start":{"line":41,"column":8},"end":{"line":41,"column":54}},"11":{"start":{"line":43,"column":8},"end":{"line":43,"column":52}},"12":{"start":{"line":45,"column":8},"end":{"line":51,"column":9}},"13":{"start":{"line":46,"column":12},"end":{"line":46,"column":58}},"14":{"start":{"line":48,"column":12},"end":{"line":48,"column":35}},"15":{"start":{"line":49,"column":12},"end":{"line":49,"column":49}},"16":{"start":{"line":50,"column":12},"end":{"line":50,"column":43}}},"branchMap":{"1":{"line":25,"type":"binary-expr","locations":[{"start":{"line":25,"column":23},"end":{"line":25,"column":62}},{"start":{"line":26,"column":20},"end":{"line":26,"column":70}},{"start":{"line":27,"column":20},"end":{"line":27,"column":71}},{"start":{"line":28,"column":20},"end":{"line":28,"column":29}}]},"2":{"line":30,"type":"binary-expr","locations":[{"start":{"line":30,"column":23},"end":{"line":30,"column":37}},{"start":{"line":31,"column":20},"end":{"line":31,"column":61}},{"start":{"line":32,"column":20},"end":{"line":32,"column":70}},{"start":{"line":33,"column":20},"end":{"line":33,"column":26}}]},"3":{"line":37,"type":"cond-expr","locations":[{"start":{"line":38,"column":14},"end":{"line":38,"column":20}},{"start":{"line":39,"column":14},"end":{"line":39,"column":20}}]},"4":{"line":41,"type":"binary-expr","locations":[{"start":{"line":41,"column":16},"end":{"line":41,"column":44}},{"start":{"line":41,"column":48},"end":{"line":41,"column":53}}]},"5":{"line":45,"type":"if","locations":[{"start":{"line":45,"column":8},"end":{"line":45,"column":8}},{"start":{"line":45,"column":8},"end":{"line":45,"column":8}}]}},"code":["/* istanbul instrument in package npmtest_devtool */","/*jslint","    bitwise: true,","    browser: true,","    maxerr: 8,","    maxlen: 96,","    node: true,","    nomen: true,","    regexp: true,","    stupid: true","*/","(function () {","    'use strict';","    var local;","","","","    // run shared js-env code - init-before","    (function () {","        // init local","        local = {};","        // init modeJs","        local.modeJs = (function () {","            try {","                return typeof navigator.userAgent === 'string' &&","                    typeof document.querySelector('body') === 'object' &&","                    typeof XMLHttpRequest.prototype.open === 'function' &&","                    'browser';","            } catch (errorCaughtBrowser) {","                return module.exports &&","                    typeof process.versions.node === 'string' &&","                    typeof require('http').createServer === 'function' &&","                    'node';","            }","        }());","        // init global","        local.global = local.modeJs === 'browser'","            ? window","            : global;","        // init utility2_rollup","        local = local.global.utility2_rollup || local;","        // init lib","        local.local = local.npmtest_devtool = local;","        // init exports","        if (local.modeJs === 'browser') {","            local.global.utility2_npmtest_devtool = local;","        } else {","            module.exports = local;","            module.exports.__dirname = __dirname;","            module.exports.module = module;","        }","    }());","}());",""],"l":{"12":2,"14":2,"19":2,"21":2,"23":2,"24":2,"25":2,"30":1,"37":2,"41":2,"43":2,"45":2,"46":1,"48":1,"49":1,"50":1}},"/home/travis/build/npmtest/node-npmtest-devtool/example.js":{"path":"/home/travis/build/npmtest/node-npmtest-devtool/example.js","s":{"1":2,"2":2,"3":2,"4":2,"5":2,"6":2,"7":2,"8":1,"9":2,"10":2,"11":2,"12":2,"13":1,"14":2,"15":2,"16":2,"17":2,"18":2,"19":0,"20":2,"21":1,"22":1,"23":1,"24":1,"25":1,"26":0,"27":0,"28":1,"29":1,"30":2,"31":0,"32":0,"33":0,"34":1,"35":2,"36":2,"37":3,"38":3,"39":3,"40":3,"41":0,"42":3,"43":3,"44":3,"45":1,"46":3,"47":1,"48":1,"49":1,"50":1,"51":1,"52":1,"53":1,"54":1,"55":1,"56":1,"57":0,"58":1,"59":6,"60":6,"61":1,"62":2,"63":0,"64":2,"65":1,"66":1,"67":0,"68":0,"69":0,"70":0,"71":0,"72":0,"73":0,"74":0,"75":0,"76":0,"77":0,"78":0,"79":0,"80":0,"81":0,"82":0,"83":0},"b":{"1":[2,1,1,1],"2":[1,1,1,1],"3":[1,1],"4":[2,2],"5":[1,1],"6":[1,1],"7":[2,0],"8":[2,1,1,1,1,1],"9":[0,2,0],"10":[1,1],"11":[2,1,1],"12":[1,0],"13":[0,2],"14":[2,0,0,0,0,0,0],"15":[0,3],"16":[3,0],"17":[1,1],"18":[0,1],"19":[1,2,0,2],"20":[1,0],"21":[1,1],"22":[0,0],"23":[0,0],"24":[0,0],"25":[0,0],"26":[0,0],"27":[0,0],"28":[0,0]},"f":{"1":2,"2":2,"3":2,"4":2,"5":2,"6":2,"7":3,"8":3,"9":3,"10":1,"11":6,"12":0},"fnMap":{"1":{"name":"(anonymous_1)","line":26,"loc":{"start":{"line":26,"column":1},"end":{"line":26,"column":13}}},"2":{"name":"(anonymous_2)","line":33,"loc":{"start":{"line":33,"column":5},"end":{"line":33,"column":17}}},"3":{"name":"(anonymous_3)","line":37,"loc":{"start":{"line":37,"column":24},"end":{"line":37,"column":36}}},"4":{"name":"(anonymous_4)","line":69,"loc":{"start":{"line":69,"column":31},"end":{"line":69,"column":48}},"skip":true},"5":{"name":"(anonymous_5)","line":78,"loc":{"start":{"line":78,"column":26},"end":{"line":78,"column":45}},"skip":true},"6":{"name":"(anonymous_6)","line":123,"loc":{"start":{"line":123,"column":33},"end":{"line":123,"column":48}},"skip":true},"7":{"name":"(anonymous_7)","line":125,"loc":{"start":{"line":125,"column":27},"end":{"line":125,"column":39}},"skip":true},"8":{"name":"(anonymous_8)","line":133,"loc":{"start":{"line":133,"column":59},"end":{"line":133,"column":74}},"skip":true},"9":{"name":"(anonymous_9)","line":143,"loc":{"start":{"line":143,"column":45},"end":{"line":143,"column":62}},"skip":true},"10":{"name":"(anonymous_10)","line":144,"loc":{"start":{"line":144,"column":73},"end":{"line":144,"column":92}},"skip":true},"11":{"name":"(anonymous_11)","line":272,"loc":{"start":{"line":272,"column":51},"end":{"line":272,"column":77}},"skip":true},"12":{"name":"(anonymous_12)","line":315,"loc":{"start":{"line":315,"column":32},"end":{"line":315,"column":61}},"skip":true}},"statementMap":{"1":{"start":{"line":26,"column":0},"end":{"line":326,"column":5}},"2":{"start":{"line":28,"column":4},"end":{"line":28,"column":14}},"3":{"start":{"line":33,"column":4},"end":{"line":60,"column":9}},"4":{"start":{"line":35,"column":8},"end":{"line":35,"column":19}},"5":{"start":{"line":37,"column":8},"end":{"line":49,"column":13}},"6":{"start":{"line":38,"column":12},"end":{"line":48,"column":13}},"7":{"start":{"line":39,"column":16},"end":{"line":42,"column":30}},"8":{"start":{"line":44,"column":16},"end":{"line":47,"column":27}},"9":{"start":{"line":51,"column":8},"end":{"line":53,"column":21}},"10":{"start":{"line":55,"column":8},"end":{"line":57,"column":45}},"11":{"start":{"line":59,"column":8},"end":{"line":59,"column":35}},"12":{"start":{"line":61,"column":4},"end":{"line":325,"column":5}},"13":{"start":{"line":69,"column":8},"end":{"line":121,"column":10},"skip":true},"14":{"start":{"line":70,"column":12},"end":{"line":88,"column":13},"skip":true},"15":{"start":{"line":76,"column":16},"end":{"line":87,"column":19},"skip":true},"16":{"start":{"line":79,"column":20},"end":{"line":86,"column":21},"skip":true},"17":{"start":{"line":82,"column":24},"end":{"line":82,"column":43},"skip":true},"18":{"start":{"line":83,"column":24},"end":{"line":83,"column":30},"skip":true},"19":{"start":{"line":85,"column":24},"end":{"line":85,"column":49},"skip":true},"20":{"start":{"line":89,"column":12},"end":{"line":107,"column":13},"skip":true},"21":{"start":{"line":92,"column":16},"end":{"line":102,"column":17},"skip":true},"22":{"start":{"line":93,"column":20},"end":{"line":93,"column":86},"skip":true},"23":{"start":{"line":94,"column":20},"end":{"line":95,"column":45},"skip":true},"24":{"start":{"line":96,"column":20},"end":{"line":96,"column":42},"skip":true},"25":{"start":{"line":97,"column":20},"end":{"line":97,"column":48},"skip":true},"26":{"start":{"line":100,"column":20},"end":{"line":100,"column":85},"skip":true},"27":{"start":{"line":101,"column":20},"end":{"line":101,"column":96},"skip":true},"28":{"start":{"line":103,"column":16},"end":{"line":103,"column":22},"skip":true},"29":{"start":{"line":106,"column":16},"end":{"line":106,"column":22},"skip":true},"30":{"start":{"line":108,"column":12},"end":{"line":120,"column":13},"skip":true},"31":{"start":{"line":114,"column":16},"end":{"line":119,"column":17},"skip":true},"32":{"start":{"line":116,"column":20},"end":{"line":116,"column":78},"skip":true},"33":{"start":{"line":118,"column":20},"end":{"line":118,"column":47},"skip":true},"34":{"start":{"line":123,"column":8},"end":{"line":141,"column":11},"skip":true},"35":{"start":{"line":124,"column":12},"end":{"line":124,"column":54},"skip":true},"36":{"start":{"line":125,"column":12},"end":{"line":140,"column":14},"skip":true},"37":{"start":{"line":126,"column":16},"end":{"line":126,"column":28},"skip":true},"38":{"start":{"line":127,"column":16},"end":{"line":127,"column":69},"skip":true},"39":{"start":{"line":128,"column":16},"end":{"line":128,"column":75},"skip":true},"40":{"start":{"line":129,"column":16},"end":{"line":131,"column":17},"skip":true},"41":{"start":{"line":130,"column":20},"end":{"line":130,"column":27},"skip":true},"42":{"start":{"line":133,"column":16},"end":{"line":137,"column":36},"skip":true},"43":{"start":{"line":134,"column":20},"end":{"line":136,"column":55},"skip":true},"44":{"start":{"line":139,"column":16},"end":{"line":139,"column":57},"skip":true},"45":{"start":{"line":143,"column":8},"end":{"line":147,"column":11},"skip":true},"46":{"start":{"line":144,"column":12},"end":{"line":146,"column":15},"skip":true},"47":{"start":{"line":145,"column":16},"end":{"line":145,"column":70},"skip":true},"48":{"start":{"line":149,"column":8},"end":{"line":149,"column":31},"skip":true},"49":{"start":{"line":150,"column":8},"end":{"line":150,"column":14},"skip":true},"50":{"start":{"line":158,"column":8},"end":{"line":158,"column":31},"skip":true},"51":{"start":{"line":160,"column":8},"end":{"line":160,"column":33},"skip":true},"52":{"start":{"line":161,"column":8},"end":{"line":161,"column":37},"skip":true},"53":{"start":{"line":162,"column":8},"end":{"line":162,"column":35},"skip":true},"54":{"start":{"line":164,"column":8},"end":{"line":164,"column":50},"skip":true},"55":{"start":{"line":166,"column":8},"end":{"line":256,"column":2},"skip":true},"56":{"start":{"line":258,"column":8},"end":{"line":286,"column":9},"skip":true},"57":{"start":{"line":259,"column":12},"end":{"line":269,"column":14},"skip":true},"58":{"start":{"line":271,"column":12},"end":{"line":285,"column":19},"skip":true},"59":{"start":{"line":274,"column":20},"end":{"line":274,"column":35},"skip":true},"60":{"start":{"line":275,"column":20},"end":{"line":284,"column":21},"skip":true},"61":{"start":{"line":277,"column":24},"end":{"line":277,"column":64},"skip":true},"62":{"start":{"line":279,"column":24},"end":{"line":279,"column":40},"skip":true},"63":{"start":{"line":281,"column":24},"end":{"line":281,"column":40},"skip":true},"64":{"start":{"line":283,"column":24},"end":{"line":283,"column":39},"skip":true},"65":{"start":{"line":288,"column":8},"end":{"line":290,"column":9},"skip":true},"66":{"start":{"line":289,"column":12},"end":{"line":289,"column":18},"skip":true},"67":{"start":{"line":291,"column":8},"end":{"line":293,"column":54},"skip":true},"68":{"start":{"line":296,"column":8},"end":{"line":301,"column":37},"skip":true},"69":{"start":{"line":303,"column":8},"end":{"line":303,"column":82},"skip":true},"70":{"start":{"line":306,"column":8},"end":{"line":308,"column":9},"skip":true},"71":{"start":{"line":307,"column":12},"end":{"line":307,"column":82},"skip":true},"72":{"start":{"line":310,"column":8},"end":{"line":312,"column":9},"skip":true},"73":{"start":{"line":311,"column":12},"end":{"line":311,"column":18},"skip":true},"74":{"start":{"line":313,"column":8},"end":{"line":313,"column":54},"skip":true},"75":{"start":{"line":314,"column":8},"end":{"line":314,"column":69},"skip":true},"76":{"start":{"line":315,"column":8},"end":{"line":323,"column":36},"skip":true},"77":{"start":{"line":316,"column":12},"end":{"line":316,"column":61},"skip":true},"78":{"start":{"line":317,"column":12},"end":{"line":320,"column":13},"skip":true},"79":{"start":{"line":318,"column":16},"end":{"line":318,"column":75},"skip":true},"80":{"start":{"line":319,"column":16},"end":{"line":319,"column":23},"skip":true},"81":{"start":{"line":321,"column":12},"end":{"line":321,"column":38},"skip":true},"82":{"start":{"line":322,"column":12},"end":{"line":322,"column":27},"skip":true},"83":{"start":{"line":324,"column":8},"end":{"line":324,"column":14},"skip":true}},"branchMap":{"1":{"line":39,"type":"binary-expr","locations":[{"start":{"line":39,"column":23},"end":{"line":39,"column":62}},{"start":{"line":40,"column":20},"end":{"line":40,"column":70}},{"start":{"line":41,"column":20},"end":{"line":41,"column":71}},{"start":{"line":42,"column":20},"end":{"line":42,"column":29}}]},"2":{"line":44,"type":"binary-expr","locations":[{"start":{"line":44,"column":23},"end":{"line":44,"column":37}},{"start":{"line":45,"column":20},"end":{"line":45,"column":61}},{"start":{"line":46,"column":20},"end":{"line":46,"column":70}},{"start":{"line":47,"column":20},"end":{"line":47,"column":26}}]},"3":{"line":51,"type":"cond-expr","locations":[{"start":{"line":52,"column":14},"end":{"line":52,"column":20}},{"start":{"line":53,"column":14},"end":{"line":53,"column":20}}]},"4":{"line":55,"type":"binary-expr","locations":[{"start":{"line":55,"column":16},"end":{"line":55,"column":44}},{"start":{"line":55,"column":49},"end":{"line":57,"column":43}}]},"5":{"line":55,"type":"cond-expr","locations":[{"start":{"line":56,"column":14},"end":{"line":56,"column":51}},{"start":{"line":57,"column":14},"end":{"line":57,"column":43}}]},"6":{"line":61,"type":"switch","locations":[{"start":{"line":68,"column":4},"end":{"line":150,"column":14},"skip":true},{"start":{"line":156,"column":4},"end":{"line":324,"column":14},"skip":true}]},"7":{"line":70,"type":"if","locations":[{"start":{"line":70,"column":12},"end":{"line":70,"column":12},"skip":true},{"start":{"line":70,"column":12},"end":{"line":70,"column":12},"skip":true}]},"8":{"line":70,"type":"binary-expr","locations":[{"start":{"line":70,"column":16},"end":{"line":70,"column":22},"skip":true},{"start":{"line":70,"column":27},"end":{"line":70,"column":32},"skip":true},{"start":{"line":71,"column":20},"end":{"line":71,"column":39},"skip":true},{"start":{"line":72,"column":20},"end":{"line":72,"column":49},"skip":true},{"start":{"line":73,"column":20},"end":{"line":73,"column":58},"skip":true},{"start":{"line":74,"column":20},"end":{"line":74,"column":69},"skip":true}]},"9":{"line":79,"type":"switch","locations":[{"start":{"line":80,"column":20},"end":{"line":80,"column":33},"skip":true},{"start":{"line":81,"column":20},"end":{"line":83,"column":30},"skip":true},{"start":{"line":84,"column":20},"end":{"line":85,"column":49},"skip":true}]},"10":{"line":89,"type":"switch","locations":[{"start":{"line":90,"column":12},"end":{"line":103,"column":22},"skip":true},{"start":{"line":105,"column":12},"end":{"line":106,"column":22},"skip":true}]},"11":{"line":89,"type":"binary-expr","locations":[{"start":{"line":89,"column":20},"end":{"line":89,"column":25},"skip":true},{"start":{"line":89,"column":29},"end":{"line":89,"column":48},"skip":true},{"start":{"line":89,"column":52},"end":{"line":89,"column":74},"skip":true}]},"12":{"line":92,"type":"if","locations":[{"start":{"line":92,"column":16},"end":{"line":92,"column":16},"skip":true},{"start":{"line":92,"column":16},"end":{"line":92,"column":16},"skip":true}]},"13":{"line":108,"type":"if","locations":[{"start":{"line":108,"column":12},"end":{"line":108,"column":12},"skip":true},{"start":{"line":108,"column":12},"end":{"line":108,"column":12},"skip":true}]},"14":{"line":108,"type":"binary-expr","locations":[{"start":{"line":108,"column":16},"end":{"line":108,"column":61},"skip":true},{"start":{"line":108,"column":66},"end":{"line":108,"column":72},"skip":true},{"start":{"line":108,"column":77},"end":{"line":108,"column":82},"skip":true},{"start":{"line":109,"column":20},"end":{"line":109,"column":39},"skip":true},{"start":{"line":110,"column":20},"end":{"line":110,"column":49},"skip":true},{"start":{"line":111,"column":20},"end":{"line":111,"column":58},"skip":true},{"start":{"line":112,"column":20},"end":{"line":112,"column":68},"skip":true}]},"15":{"line":129,"type":"if","locations":[{"start":{"line":129,"column":16},"end":{"line":129,"column":16},"skip":true},{"start":{"line":129,"column":16},"end":{"line":129,"column":16},"skip":true}]},"16":{"line":134,"type":"cond-expr","locations":[{"start":{"line":135,"column":26},"end":{"line":135,"column":29},"skip":true},{"start":{"line":136,"column":26},"end":{"line":136,"column":54},"skip":true}]},"17":{"line":164,"type":"binary-expr","locations":[{"start":{"line":164,"column":27},"end":{"line":164,"column":43},"skip":true},{"start":{"line":164,"column":47},"end":{"line":164,"column":49},"skip":true}]},"18":{"line":258,"type":"if","locations":[{"start":{"line":258,"column":8},"end":{"line":258,"column":8},"skip":true},{"start":{"line":258,"column":8},"end":{"line":258,"column":8},"skip":true}]},"19":{"line":275,"type":"switch","locations":[{"start":{"line":276,"column":20},"end":{"line":277,"column":64},"skip":true},{"start":{"line":278,"column":20},"end":{"line":279,"column":40},"skip":true},{"start":{"line":280,"column":20},"end":{"line":281,"column":40},"skip":true},{"start":{"line":282,"column":20},"end":{"line":283,"column":39},"skip":true}]},"20":{"line":288,"type":"if","locations":[{"start":{"line":288,"column":8},"end":{"line":288,"column":8},"skip":true},{"start":{"line":288,"column":8},"end":{"line":288,"column":8},"skip":true}]},"21":{"line":288,"type":"binary-expr","locations":[{"start":{"line":288,"column":12},"end":{"line":288,"column":40},"skip":true},{"start":{"line":288,"column":44},"end":{"line":288,"column":67},"skip":true}]},"22":{"line":292,"type":"binary-expr","locations":[{"start":{"line":292,"column":12},"end":{"line":292,"column":50},"skip":true},{"start":{"line":293,"column":12},"end":{"line":293,"column":53},"skip":true}]},"23":{"line":297,"type":"binary-expr","locations":[{"start":{"line":297,"column":12},"end":{"line":297,"column":65},"skip":true},{"start":{"line":298,"column":12},"end":{"line":301,"column":36},"skip":true}]},"24":{"line":303,"type":"binary-expr","locations":[{"start":{"line":303,"column":43},"end":{"line":303,"column":75},"skip":true},{"start":{"line":303,"column":79},"end":{"line":303,"column":81},"skip":true}]},"25":{"line":306,"type":"if","locations":[{"start":{"line":306,"column":8},"end":{"line":306,"column":8},"skip":true},{"start":{"line":306,"column":8},"end":{"line":306,"column":8},"skip":true}]},"26":{"line":310,"type":"if","locations":[{"start":{"line":310,"column":8},"end":{"line":310,"column":8},"skip":true},{"start":{"line":310,"column":8},"end":{"line":310,"column":8},"skip":true}]},"27":{"line":313,"type":"binary-expr","locations":[{"start":{"line":313,"column":27},"end":{"line":313,"column":43},"skip":true},{"start":{"line":313,"column":47},"end":{"line":313,"column":53},"skip":true}]},"28":{"line":317,"type":"if","locations":[{"start":{"line":317,"column":12},"end":{"line":317,"column":12},"skip":true},{"start":{"line":317,"column":12},"end":{"line":317,"column":12},"skip":true}]}},"code":["/*","example.js","","quickstart example","","instruction","    1. save this script as example.js","    2. run the shell command:","        $ npm install npmtest-devtool && PORT=8081 node example.js","    3. play with the browser-demo on http://127.0.0.1:8081","*/","","","","/* istanbul instrument in package npmtest_devtool */","/*jslint","    bitwise: true,","    browser: true,","    maxerr: 8,","    maxlen: 96,","    node: true,","    nomen: true,","    regexp: true,","    stupid: true","*/","(function () {","    'use strict';","    var local;","","","","    // run shared js-env code - init-before","    (function () {","        // init local","        local = {};","        // init modeJs","        local.modeJs = (function () {","            try {","                return typeof navigator.userAgent === 'string' &&","                    typeof document.querySelector('body') === 'object' &&","                    typeof XMLHttpRequest.prototype.open === 'function' &&","                    'browser';","            } catch (errorCaughtBrowser) {","                return module.exports &&","                    typeof process.versions.node === 'string' &&","                    typeof require('http').createServer === 'function' &&","                    'node';","            }","        }());","        // init global","        local.global = local.modeJs === 'browser'","            ? window","            : global;","        // init utility2_rollup","        local = local.global.utility2_rollup || (local.modeJs === 'browser'","            ? local.global.utility2_npmtest_devtool","            : global.utility2_moduleExports);","        // export local","        local.global.local = local;","    }());","    switch (local.modeJs) {","","","","    // init-after","    // run browser js-env code - init-after","    /* istanbul ignore next */","    case 'browser':","        local.testRunBrowser = function (event) {","            if (!event || (event &&","                    event.currentTarget &&","                    event.currentTarget.className &&","                    event.currentTarget.className.includes &&","                    event.currentTarget.className.includes('onreset'))) {","                // reset output","                Array.from(","                    document.querySelectorAll('body > .resettable')","                ).forEach(function (element) {","                    switch (element.tagName) {","                    case 'INPUT':","                    case 'TEXTAREA':","                        element.value = '';","                        break;","                    default:","                        element.textContent = '';","                    }","                });","            }","            switch (event && event.currentTarget && event.currentTarget.id) {","            case 'testRunButton1':","                // show tests","                if (document.querySelector('#testReportDiv1').style.display === 'none') {","                    document.querySelector('#testReportDiv1').style.display = 'block';","                    document.querySelector('#testRunButton1').textContent =","                        'hide internal test';","                    local.modeTest = true;","                    local.testRunDefault(local);","                // hide tests","                } else {","                    document.querySelector('#testReportDiv1').style.display = 'none';","                    document.querySelector('#testRunButton1').textContent = 'run internal test';","                }","                break;","            // custom-case","            default:","                break;","            }","            if (document.querySelector('#inputTextareaEval1') && (!event || (event &&","                    event.currentTarget &&","                    event.currentTarget.className &&","                    event.currentTarget.className.includes &&","                    event.currentTarget.className.includes('oneval')))) {","                // try to eval input-code","                try {","                    /*jslint evil: true*/","                    eval(document.querySelector('#inputTextareaEval1').value);","                } catch (errorCaught) {","                    console.error(errorCaught);","                }","            }","        };","        // log stderr and stdout to #outputTextareaStdout1","        ['error', 'log'].forEach(function (key) {","            console[key + '_original'] = console[key];","            console[key] = function () {","                var element;","                console[key + '_original'].apply(console, arguments);","                element = document.querySelector('#outputTextareaStdout1');","                if (!element) {","                    return;","                }","                // append text to #outputTextareaStdout1","                element.value += Array.from(arguments).map(function (arg) {","                    return typeof arg === 'string'","                        ? arg","                        : JSON.stringify(arg, null, 4);","                }).join(' ') + '\\n';","                // scroll textarea to bottom","                element.scrollTop = element.scrollHeight;","            };","        });","        // init event-handling","        ['change', 'click', 'keyup'].forEach(function (event) {","            Array.from(document.querySelectorAll('.on' + event)).forEach(function (element) {","                element.addEventListener(event, local.testRunBrowser);","            });","        });","        // run tests","        local.testRunBrowser();","        break;","","","","    // run node js-env code - init-after","    /* istanbul ignore next */","    case 'node':","        // export local","        module.exports = local;","        // require modules","        local.fs = require('fs');","        local.http = require('http');","        local.url = require('url');","        // init assets","        local.assetsDict = local.assetsDict || {};","        /* jslint-ignore-begin */","        local.assetsDict['/assets.index.template.html'] = '\\","<!doctype html>\\n\\","<html lang=\"en\">\\n\\","<head>\\n\\","<meta charset=\"UTF-8\">\\n\\","<meta name=\"viewport\" content=\"width=device-width, initial-scale=1\">\\n\\","<title>{{env.npm_package_name}} (v{{env.npm_package_version}})</title>\\n\\","<style>\\n\\","/*csslint\\n\\","    box-sizing: false,\\n\\","    universal-selector: false\\n\\","*/\\n\\","* {\\n\\","    box-sizing: border-box;\\n\\","}\\n\\","body {\\n\\","    background: #dde;\\n\\","    font-family: Arial, Helvetica, sans-serif;\\n\\","    margin: 2rem;\\n\\","}\\n\\","body > * {\\n\\","    margin-bottom: 1rem;\\n\\","}\\n\\",".utility2FooterDiv {\\n\\","    margin-top: 20px;\\n\\","    text-align: center;\\n\\","}\\n\\","</style>\\n\\","<style>\\n\\","/*csslint\\n\\","*/\\n\\","textarea {\\n\\","    font-family: monospace;\\n\\","    height: 10rem;\\n\\","    width: 100%;\\n\\","}\\n\\","textarea[readonly] {\\n\\","    background: #ddd;\\n\\","}\\n\\","</style>\\n\\","</head>\\n\\","<body>\\n\\","<!-- utility2-comment\\n\\","<div id=\"ajaxProgressDiv1\" style=\"background: #d00; height: 2px; left: 0; margin: 0; padding: 0; position: fixed; top: 0; transition: background 0.5s, width 1.5s; width: 25%;\"></div>\\n\\","utility2-comment -->\\n\\","<h1>\\n\\","<!-- utility2-comment\\n\\","    <a\\n\\","        {{#if env.npm_package_homepage}}\\n\\","        href=\"{{env.npm_package_homepage}}\"\\n\\","        {{/if env.npm_package_homepage}}\\n\\","        target=\"_blank\"\\n\\","    >\\n\\","utility2-comment -->\\n\\","        {{env.npm_package_name}} (v{{env.npm_package_version}})\\n\\","<!-- utility2-comment\\n\\","    </a>\\n\\","utility2-comment -->\\n\\","</h1>\\n\\","<h3>{{env.npm_package_description}}</h3>\\n\\","<!-- utility2-comment\\n\\","<h4><a download href=\"assets.app.js\">download standalone app</a></h4>\\n\\","<button class=\"onclick onreset\" id=\"testRunButton1\">run internal test</button><br>\\n\\","<div id=\"testReportDiv1\" style=\"display: none;\"></div>\\n\\","utility2-comment -->\\n\\","\\n\\","\\n\\","\\n\\","<label>stderr and stdout</label>\\n\\","<textarea class=\"resettable\" id=\"outputTextareaStdout1\" readonly></textarea>\\n\\","<!-- utility2-comment\\n\\","{{#if isRollup}}\\n\\","<script src=\"assets.app.js\"></script>\\n\\","{{#unless isRollup}}\\n\\","utility2-comment -->\\n\\","<script src=\"assets.utility2.rollup.js\"></script>\\n\\","<script src=\"jsonp.utility2._stateInit?callback=window.utility2._stateInit\"></script>\\n\\","<script src=\"assets.npmtest_devtool.rollup.js\"></script>\\n\\","<script src=\"assets.example.js\"></script>\\n\\","<script src=\"assets.test.js\"></script>\\n\\","<!-- utility2-comment\\n\\","{{/if isRollup}}\\n\\","utility2-comment -->\\n\\","<div class=\"utility2FooterDiv\">\\n\\","    [ this app was created with\\n\\","    <a href=\"https://github.com/kaizhu256/node-utility2\" target=\"_blank\">utility2</a>\\n\\","    ]\\n\\","</div>\\n\\","</body>\\n\\","</html>\\n\\","';","        /* jslint-ignore-end */","        if (local.templateRender) {","            local.assetsDict['/'] = local.templateRender(","                local.assetsDict['/assets.index.template.html'],","                {","                    env: local.objectSetDefault(local.env, {","                        npm_package_description: 'the greatest app in the world!',","                        npm_package_name: 'my-app',","                        npm_package_nameAlias: 'my_app',","                        npm_package_version: '0.0.1'","                    })","                }","            );","        } else {","            local.assetsDict['/'] = local.assetsDict['/assets.index.template.html']","                .replace((/\\{\\{env\\.(\\w+?)\\}\\}/g), function (match0, match1) {","                    // jslint-hack","                    String(match0);","                    switch (match1) {","                    case 'npm_package_description':","                        return 'the greatest app in the world!';","                    case 'npm_package_name':","                        return 'my-app';","                    case 'npm_package_nameAlias':","                        return 'my_app';","                    case 'npm_package_version':","                        return '0.0.1';","                    }","                });","        }","        // run the cli","        if (local.global.utility2_rollup || module !== require.main) {","            break;","        }","        local.assetsDict['/assets.example.js'] =","            local.assetsDict['/assets.example.js'] ||","            local.fs.readFileSync(__filename, 'utf8');","        // bug-workaround - long $npm_package_buildCustomOrg","        /* jslint-ignore-begin */","        local.assetsDict['/assets.npmtest_devtool.rollup.js'] =","            local.assetsDict['/assets.npmtest_devtool.rollup.js'] ||","            local.fs.readFileSync(","                local.npmtest_devtool.__dirname + '/lib.npmtest_devtool.js',","                'utf8'","            ).replace((/^#!/), '//');","        /* jslint-ignore-end */","        local.assetsDict['/favicon.ico'] = local.assetsDict['/favicon.ico'] || '';","        // if $npm_config_timeout_exit exists,","        // then exit this process after $npm_config_timeout_exit ms","        if (Number(process.env.npm_config_timeout_exit)) {","            setTimeout(process.exit, Number(process.env.npm_config_timeout_exit));","        }","        // start server","        if (local.global.utility2_serverHttp1) {","            break;","        }","        process.env.PORT = process.env.PORT || '8081';","        console.error('server starting on port ' + process.env.PORT);","        local.http.createServer(function (request, response) {","            request.urlParsed = local.url.parse(request.url);","            if (local.assetsDict[request.urlParsed.pathname] !== undefined) {","                response.end(local.assetsDict[request.urlParsed.pathname]);","                return;","            }","            response.statusCode = 404;","            response.end();","        }).listen(process.env.PORT);","        break;","    }","}());",""],"l":{"26":2,"28":2,"33":2,"35":2,"37":2,"38":2,"39":2,"44":1,"51":2,"55":2,"59":2,"61":2,"69":1,"70":2,"76":2,"79":2,"82":2,"83":2,"85":1,"89":2,"92":1,"93":1,"94":1,"96":1,"97":1,"100":1,"101":1,"103":1,"106":1,"108":2,"114":1,"116":1,"118":1,"123":1,"124":2,"125":2,"126":3,"127":3,"128":3,"129":3,"130":1,"133":3,"134":3,"139":3,"143":1,"144":3,"145":1,"149":1,"150":1,"158":1,"160":1,"161":1,"162":1,"164":1,"166":1,"258":1,"259":1,"271":1,"274":6,"275":6,"277":1,"279":2,"281":1,"283":2,"288":1,"289":1,"291":1,"296":1,"303":1,"306":1,"307":1,"310":1,"311":1,"313":1,"314":1,"315":1,"316":1,"317":1,"318":1,"319":1,"321":1,"322":1,"324":1}},"/home/travis/build/npmtest/node-npmtest-devtool/node_modules/devtool/bin/index.js":{"path":"/home/travis/build/npmtest/node-npmtest-devtool/node_modules/devtool/bin/index.js","s":{"1":2},"b":{},"f":{},"fnMap":{},"statementMap":{"1":{"start":{"line":2,"column":0},"end":{"line":2,"column":42}}},"branchMap":{},"code":["//#!/usr/bin/env node","require('./spawn')(process.argv.slice(2));",""],"l":{"2":2}},"/home/travis/build/npmtest/node-npmtest-devtool/node_modules/devtool/bin/spawn.js":{"path":"/home/travis/build/npmtest/node-npmtest-devtool/node_modules/devtool/bin/spawn.js","s":{"1":1,"2":1,"3":1,"4":1,"5":1,"6":1,"7":1,"8":1,"9":2,"10":2,"11":2,"12":2,"13":2,"14":0,"15":0,"16":0,"17":0,"18":0,"19":0,"20":0},"b":{"1":[0,0],"2":[0,0]},"f":{"1":2,"2":0,"3":0},"fnMap":{"1":{"name":"spawnDevtool","line":11,"loc":{"start":{"line":11,"column":0},"end":{"line":11,"column":29}}},"2":{"name":"(anonymous_2)","line":19,"loc":{"start":{"line":19,"column":27},"end":{"line":19,"column":54}}},"3":{"name":"(anonymous_3)","line":27,"loc":{"start":{"line":27,"column":19},"end":{"line":27,"column":35}}}},"statementMap":{"1":{"start":{"line":2,"column":0},"end":{"line":2,"column":45}},"2":{"start":{"line":3,"column":0},"end":{"line":3,"column":37}},"3":{"start":{"line":4,"column":0},"end":{"line":4,"column":36}},"4":{"start":{"line":5,"column":0},"end":{"line":5,"column":29}},"5":{"start":{"line":6,"column":0},"end":{"line":6,"column":57}},"6":{"start":{"line":8,"column":0},"end":{"line":8,"column":62}},"7":{"start":{"line":10,"column":0},"end":{"line":10,"column":30}},"8":{"start":{"line":11,"column":0},"end":{"line":31,"column":1}},"9":{"start":{"line":12,"column":2},"end":{"line":12,"column":29}},"10":{"start":{"line":13,"column":2},"end":{"line":13,"column":67}},"11":{"start":{"line":14,"column":2},"end":{"line":14,"column":47}},"12":{"start":{"line":15,"column":2},"end":{"line":17,"column":5}},"13":{"start":{"line":18,"column":2},"end":{"line":18,"column":35}},"14":{"start":{"line":19,"column":2},"end":{"line":25,"column":27}},"15":{"start":{"line":21,"column":4},"end":{"line":23,"column":5}},"16":{"start":{"line":22,"column":6},"end":{"line":22,"column":22}},"17":{"start":{"line":24,"column":4},"end":{"line":24,"column":11}},"18":{"start":{"line":27,"column":2},"end":{"line":29,"column":5}},"19":{"start":{"line":28,"column":4},"end":{"line":28,"column":23}},"20":{"start":{"line":30,"column":2},"end":{"line":30,"column":14}}},"branchMap":{"1":{"line":21,"type":"if","locations":[{"start":{"line":21,"column":4},"end":{"line":21,"column":4}},{"start":{"line":21,"column":4},"end":{"line":21,"column":4}}]},"2":{"line":21,"type":"binary-expr","locations":[{"start":{"line":21,"column":8},"end":{"line":21,"column":20}},{"start":{"line":21,"column":24},"end":{"line":21,"column":58}}]}},"code":["// spawns devtool with given CLI arguments","const spawn = require('child_process').spawn;","const electron = require('electron');","const through = require('through2');","const path = require('path');","const parseArgs = require('../lib/parse-args').fromArray;","","const serverPath = path.resolve(__dirname, '..', 'server.js');","","module.exports = spawnDevtool;","function spawnDevtool (args) {","  var argv = parseArgs(args);","  var helperRegex = /[\\d\\-\\s\\:\\.]+\\sElectron\\sHelper\\[[\\d\\:\\.]+\\]/;","  var serverArgs = [ serverPath ].concat(args);","  var proc = spawn(electron, serverArgs, {","    stdio: [ process.stdin, 'pipe', 'pipe' ]","  });","  proc.stdout.pipe(process.stdout);","  proc.stderr.pipe(through(function (data, enc, next) {","    // Hide some Chromium/Electron logs on OSX","    if (argv.verbose || !helperRegex.test(data.toString())) {","      this.push(data);","    }","    next();","  })).pipe(process.stderr);","","  proc.on('close', function (code) {","    process.exit(code);","  });","  return proc;","}",""],"l":{"2":1,"3":1,"4":1,"5":1,"6":1,"8":1,"10":1,"11":1,"12":2,"13":2,"14":2,"15":2,"18":2,"19":0,"21":0,"22":0,"24":0,"27":0,"28":0,"30":0}},"/home/travis/build/npmtest/node-npmtest-devtool/node_modules/devtool/node_modules/electron/index.js":{"path":"/home/travis/build/npmtest/node-npmtest-devtool/node_modules/devtool/node_modules/electron/index.js","s":{"1":1,"2":1,"3":1,"4":1,"5":1,"6":0},"b":{"1":[1,0]},"f":{},"fnMap":{},"statementMap":{"1":{"start":{"line":1,"column":0},"end":{"line":1,"column":22}},"2":{"start":{"line":2,"column":0},"end":{"line":2,"column":26}},"3":{"start":{"line":4,"column":0},"end":{"line":4,"column":47}},"4":{"start":{"line":6,"column":0},"end":{"line":10,"column":1}},"5":{"start":{"line":7,"column":2},"end":{"line":7,"column":75}},"6":{"start":{"line":9,"column":2},"end":{"line":9,"column":143}}},"branchMap":{"1":{"line":6,"type":"if","locations":[{"start":{"line":6,"column":0},"end":{"line":6,"column":0}},{"start":{"line":6,"column":0},"end":{"line":6,"column":0}}]}},"code":["var fs = require('fs')","var path = require('path')","","var pathFile = path.join(__dirname, 'path.txt')","","if (fs.existsSync(pathFile)) {","  module.exports = path.join(__dirname, fs.readFileSync(pathFile, 'utf-8'))","} else {","  throw new Error('Electron failed to install correctly, please delete node_modules/' + path.basename(__dirname) + ' and try installing again')","}",""],"l":{"1":1,"2":1,"4":1,"6":1,"7":1,"9":0}},"/home/travis/build/npmtest/node-npmtest-devtool/node_modules/devtool/lib/parse-args.js":{"path":"/home/travis/build/npmtest/node-npmtest-devtool/node_modules/devtool/lib/parse-args.js","s":{"1":1,"2":1,"3":1,"4":2,"5":2,"6":2,"7":2,"8":2,"9":0,"10":0,"11":0,"12":0,"13":0,"14":0,"15":1,"16":1,"17":4},"b":{"1":[2,0],"2":[2,0]},"f":{"1":2,"2":4},"fnMap":{"1":{"name":"parseArgs","line":4,"loc":{"start":{"line":4,"column":17},"end":{"line":4,"column":43}}},"2":{"name":"fromArray","line":48,"loc":{"start":{"line":48,"column":0},"end":{"line":48,"column":26}}}},"statementMap":{"1":{"start":{"line":1,"column":0},"end":{"line":1,"column":35}},"2":{"start":{"line":2,"column":0},"end":{"line":2,"column":23}},"3":{"start":{"line":4,"column":0},"end":{"line":45,"column":2}},"4":{"start":{"line":5,"column":2},"end":{"line":5,"column":29}},"5":{"start":{"line":8,"column":2},"end":{"line":8,"column":61}},"6":{"start":{"line":8,"column":42},"end":{"line":8,"column":61}},"7":{"start":{"line":9,"column":2},"end":{"line":19,"column":3}},"8":{"start":{"line":11,"column":4},"end":{"line":15,"column":7}},"9":{"start":{"line":18,"column":4},"end":{"line":18,"column":28}},"10":{"start":{"line":22,"column":2},"end":{"line":22,"column":28}},"11":{"start":{"line":23,"column":2},"end":{"line":23,"column":23}},"12":{"start":{"line":27,"column":2},"end":{"line":42,"column":4}},"13":{"start":{"line":43,"column":2},"end":{"line":43,"column":49}},"14":{"start":{"line":44,"column":2},"end":{"line":44,"column":14}},"15":{"start":{"line":47,"column":0},"end":{"line":47,"column":37}},"16":{"start":{"line":48,"column":0},"end":{"line":81,"column":1}},"17":{"start":{"line":49,"column":2},"end":{"line":80,"column":5}}},"branchMap":{"1":{"line":8,"type":"if","locations":[{"start":{"line":8,"column":2},"end":{"line":8,"column":2}},{"start":{"line":8,"column":2},"end":{"line":8,"column":2}}]},"2":{"line":9,"type":"if","locations":[{"start":{"line":9,"column":2},"end":{"line":9,"column":2}},{"start":{"line":9,"column":2},"end":{"line":9,"column":2}}]}},"code":["var minimist = require('minimist');","var rc = require('rc');","","module.exports = function parseArgs (args) {","  var argv = fromArray(args);","","  // use config search by default","  if (typeof argv.config === 'undefined') argv.config = true;","  if (argv.config !== false) {","    // search rc paths","    argv.config = rc('devtool', {","      browserWindow: {","        detachDevTools: true","      }","    });","  } else {","    // explicitly disable config searching","    argv.config = { _: [] };","  }","","  // Clean up the config object a bit","  delete argv.config.config;","  delete argv.config.C;","","  // We use globals to communicate some information from","  // renderer / server without async ipc.","  global.__electronDevtoolGlobals = {","    console: argv.console,","    sourceMaps: argv.sourceMaps,","    browserField: argv.browserField,","    debugBreak: argv.debugBreak,","    browserGlobals: argv.browserGlobals,","    nodeTimers: argv.nodeTimers,","    requirePaths: [].concat(argv.require).filter(Boolean),","    entry: null, // resolved in server.js","    quit: true, // true until app launches","    _processTTY: {","      stdin: process.stdin.isTTY,","      stdout: process.stdout.isTTY,","      stderr: process.stderr.isTTY","    }","  };","  argv.globals = global.__electronDevtoolGlobals;","  return argv;","};","","module.exports.fromArray = fromArray;","function fromArray (args) {","  return minimist(args, {","    '--': true,","    boolean: [","      'console', 'quit', 'poll', 'show', 'headless',","      'browserField', 'version', 'break', 'browserGlobals',","      'nodeTimers', 'verbose', 'sourceMaps'","    ],","    string: [ 'index', 'require' ],","    default: {","      browserGlobals: true,","      sourceMaps: true,","      nodeTimers: true","    },","    alias: {","      config: 'C',","      debugBreak: 'break',","      sourceMaps: [ 'source-maps', 'sm' ],","      timeout: 't',","      headless: 'h',","      nodeTimers: [ 'node-timers', 'nt' ],","      browserGlobals: [ 'bg', 'browser-globals' ],","      browserField: [ 'bf', 'browser-field' ],","      watch: 'w',","      quit: 'q',","      require: 'r',","      version: 'v',","      console: 'c',","      index: 'i',","      poll: 'p',","      show: 's'","    }","  });","}",""],"l":{"1":1,"2":1,"4":1,"5":2,"8":2,"9":2,"11":2,"18":0,"22":0,"23":0,"27":0,"43":0,"44":0,"47":1,"48":1,"49":4}},"/home/travis/build/npmtest/node-npmtest-devtool/node_modules/devtool/server.js":{"path":"/home/travis/build/npmtest/node-npmtest-devtool/node_modules/devtool/server.js","s":{"1":2,"2":2,"3":2,"4":2,"5":2,"6":2,"7":2,"8":2,"9":2,"10":2,"11":2,"12":2,"13":2,"14":2,"15":0,"16":0,"17":0,"18":0,"19":0,"20":0,"21":0,"22":0,"23":0,"24":0,"25":0,"26":0,"27":0,"28":0,"29":0,"30":0,"31":0,"32":0,"33":0,"34":0,"35":0,"36":0,"37":0,"38":0,"39":0,"40":0,"41":0,"42":0,"43":0,"44":0,"45":0,"46":0,"47":0,"48":0,"49":0,"50":0,"51":0,"52":0,"53":0,"54":0,"55":0,"56":0,"57":0,"58":0,"59":0,"60":0,"61":0,"62":0,"63":0,"64":0,"65":0,"66":0,"67":0,"68":0,"69":0,"70":0,"71":0,"72":0,"73":0,"74":0,"75":0,"76":0,"77":0,"78":0,"79":0,"80":0,"81":0,"82":0,"83":0,"84":0,"85":0,"86":0,"87":1,"88":0,"89":0,"90":0,"91":0,"92":0,"93":1,"94":0,"95":0},"b":{"1":[0,0],"2":[0,0],"3":[0,0],"4":[0,0],"5":[0,0],"6":[0,0],"7":[0,0],"8":[0,0],"9":[0,0],"10":[0,0],"11":[0,0],"12":[0,0],"13":[0,0],"14":[0,0],"15":[0,0],"16":[0,0],"17":[0,0],"18":[0,0],"19":[0,0],"20":[0,0],"21":[0,0],"22":[0,0],"23":[0,0],"24":[0,0]},"f":{"1":0,"2":0,"3":0,"4":0,"5":0,"6":0,"7":0,"8":0,"9":0,"10":0,"11":0,"12":0,"13":0,"14":0},"fnMap":{"1":{"name":"(anonymous_1)","line":39,"loc":{"start":{"line":39,"column":16},"end":{"line":39,"column":32}}},"2":{"name":"(anonymous_2)","line":60,"loc":{"start":{"line":60,"column":28},"end":{"line":60,"column":40}}},"3":{"name":"(anonymous_3)","line":65,"loc":{"start":{"line":65,"column":15},"end":{"line":65,"column":27}}},"4":{"name":"(anonymous_4)","line":70,"loc":{"start":{"line":70,"column":16},"end":{"line":70,"column":28}}},"5":{"name":"(anonymous_5)","line":84,"loc":{"start":{"line":84,"column":52},"end":{"line":84,"column":81}}},"6":{"name":"(anonymous_6)","line":97,"loc":{"start":{"line":97,"column":22},"end":{"line":97,"column":43}}},"7":{"name":"(anonymous_7)","line":105,"loc":{"start":{"line":105,"column":5},"end":{"line":105,"column":20}}},"8":{"name":"(anonymous_8)","line":110,"loc":{"start":{"line":110,"column":63},"end":{"line":110,"column":75}}},"9":{"name":"(anonymous_9)","line":116,"loc":{"start":{"line":116,"column":26},"end":{"line":116,"column":38}}},"10":{"name":"(anonymous_10)","line":122,"loc":{"start":{"line":122,"column":45},"end":{"line":122,"column":58}}},"11":{"name":"(anonymous_11)","line":131,"loc":{"start":{"line":131,"column":25},"end":{"line":131,"column":41}}},"12":{"name":"(anonymous_12)","line":137,"loc":{"start":{"line":137,"column":18},"end":{"line":137,"column":43}}},"13":{"name":"bail","line":142,"loc":{"start":{"line":142,"column":2},"end":{"line":142,"column":22}}},"14":{"name":"fatal","line":150,"loc":{"start":{"line":150,"column":2},"end":{"line":150,"column":23}}}},"statementMap":{"1":{"start":{"line":1,"column":0},"end":{"line":1,"column":27}},"2":{"start":{"line":2,"column":0},"end":{"line":2,"column":23}},"3":{"start":{"line":3,"column":0},"end":{"line":3,"column":46}},"4":{"start":{"line":4,"column":0},"end":{"line":4,"column":52}},"5":{"start":{"line":5,"column":0},"end":{"line":5,"column":44}},"6":{"start":{"line":6,"column":0},"end":{"line":6,"column":27}},"7":{"start":{"line":8,"column":0},"end":{"line":8,"column":35}},"8":{"start":{"line":9,"column":0},"end":{"line":9,"column":23}},"9":{"start":{"line":10,"column":0},"end":{"line":10,"column":27}},"10":{"start":{"line":11,"column":0},"end":{"line":11,"column":12}},"11":{"start":{"line":13,"column":0},"end":{"line":13,"column":26}},"12":{"start":{"line":14,"column":0},"end":{"line":14,"column":48}},"13":{"start":{"line":15,"column":0},"end":{"line":15,"column":22}},"14":{"start":{"line":17,"column":0},"end":{"line":17,"column":44}},"15":{"start":{"line":18,"column":0},"end":{"line":18,"column":23}},"16":{"start":{"line":20,"column":0},"end":{"line":20,"column":51}},"17":{"start":{"line":21,"column":0},"end":{"line":24,"column":1}},"18":{"start":{"line":22,"column":2},"end":{"line":22,"column":42}},"19":{"start":{"line":23,"column":2},"end":{"line":23,"column":55}},"20":{"start":{"line":26,"column":0},"end":{"line":32,"column":1}},"21":{"start":{"line":27,"column":2},"end":{"line":27,"column":62}},"22":{"start":{"line":28,"column":2},"end":{"line":28,"column":55}},"23":{"start":{"line":29,"column":2},"end":{"line":29,"column":47}},"24":{"start":{"line":30,"column":2},"end":{"line":30,"column":51}},"25":{"start":{"line":31,"column":2},"end":{"line":31,"column":18}},"26":{"start":{"line":35,"column":0},"end":{"line":42,"column":1}},"27":{"start":{"line":36,"column":2},"end":{"line":38,"column":23}},"28":{"start":{"line":39,"column":2},"end":{"line":41,"column":5}},"29":{"start":{"line":40,"column":4},"end":{"line":40,"column":51}},"30":{"start":{"line":45,"column":0},"end":{"line":45,"column":24}},"31":{"start":{"line":46,"column":0},"end":{"line":46,"column":26}},"32":{"start":{"line":47,"column":0},"end":{"line":56,"column":1}},"33":{"start":{"line":48,"column":2},"end":{"line":48,"column":84}},"34":{"start":{"line":49,"column":2},"end":{"line":55,"column":3}},"35":{"start":{"line":50,"column":4},"end":{"line":50,"column":43}},"36":{"start":{"line":51,"column":4},"end":{"line":51,"column":30}},"37":{"start":{"line":53,"column":4},"end":{"line":53,"column":47}},"38":{"start":{"line":54,"column":4},"end":{"line":54,"column":20}},"39":{"start":{"line":58,"column":0},"end":{"line":58,"column":19}},"40":{"start":{"line":59,"column":0},"end":{"line":59,"column":22}},"41":{"start":{"line":60,"column":0},"end":{"line":62,"column":3}},"42":{"start":{"line":61,"column":2},"end":{"line":61,"column":13}},"43":{"start":{"line":65,"column":0},"end":{"line":68,"column":3}},"44":{"start":{"line":66,"column":2},"end":{"line":66,"column":31}},"45":{"start":{"line":66,"column":15},"end":{"line":66,"column":31}},"46":{"start":{"line":67,"column":2},"end":{"line":67,"column":37}},"47":{"start":{"line":67,"column":21},"end":{"line":67,"column":37}},"48":{"start":{"line":70,"column":0},"end":{"line":154,"column":3}},"49":{"start":{"line":71,"column":2},"end":{"line":71,"column":60}},"50":{"start":{"line":74,"column":2},"end":{"line":74,"column":62}},"51":{"start":{"line":75,"column":2},"end":{"line":75,"column":25}},"52":{"start":{"line":76,"column":2},"end":{"line":79,"column":3}},"53":{"start":{"line":77,"column":4},"end":{"line":77,"column":22}},"54":{"start":{"line":78,"column":4},"end":{"line":78,"column":88}},"55":{"start":{"line":81,"column":2},"end":{"line":81,"column":59}},"56":{"start":{"line":84,"column":2},"end":{"line":107,"column":5}},"57":{"start":{"line":88,"column":4},"end":{"line":88,"column":27}},"58":{"start":{"line":89,"column":4},"end":{"line":95,"column":5}},"59":{"start":{"line":90,"column":6},"end":{"line":90,"column":22}},"60":{"start":{"line":91,"column":11},"end":{"line":95,"column":5}},"61":{"start":{"line":93,"column":6},"end":{"line":93,"column":31}},"62":{"start":{"line":94,"column":6},"end":{"line":94,"column":63}},"63":{"start":{"line":97,"column":4},"end":{"line":104,"column":7}},"64":{"start":{"line":99,"column":6},"end":{"line":99,"column":35}},"65":{"start":{"line":99,"column":15},"end":{"line":99,"column":35}},"66":{"start":{"line":100,"column":6},"end":{"line":103,"column":9}},"67":{"start":{"line":106,"column":4},"end":{"line":106,"column":24}},"68":{"start":{"line":106,"column":13},"end":{"line":106,"column":24}},"69":{"start":{"line":110,"column":2},"end":{"line":113,"column":5}},"70":{"start":{"line":112,"column":4},"end":{"line":112,"column":29}},"71":{"start":{"line":116,"column":2},"end":{"line":118,"column":5}},"72":{"start":{"line":117,"column":4},"end":{"line":117,"column":22}},"73":{"start":{"line":121,"column":2},"end":{"line":134,"column":3}},"74":{"start":{"line":122,"column":4},"end":{"line":124,"column":7}},"75":{"start":{"line":123,"column":6},"end":{"line":123,"column":35}},"76":{"start":{"line":125,"column":4},"end":{"line":125,"column":57}},"77":{"start":{"line":125,"column":28},"end":{"line":125,"column":57}},"78":{"start":{"line":126,"column":4},"end":{"line":129,"column":5}},"79":{"start":{"line":128,"column":6},"end":{"line":128,"column":27}},"80":{"start":{"line":130,"column":4},"end":{"line":130,"column":39}},"81":{"start":{"line":131,"column":4},"end":{"line":133,"column":7}},"82":{"start":{"line":132,"column":6},"end":{"line":132,"column":42}},"83":{"start":{"line":132,"column":22},"end":{"line":132,"column":42}},"84":{"start":{"line":137,"column":2},"end":{"line":140,"column":5}},"85":{"start":{"line":138,"column":4},"end":{"line":138,"column":33}},"86":{"start":{"line":139,"column":4},"end":{"line":139,"column":20}},"87":{"start":{"line":142,"column":2},"end":{"line":148,"column":3}},"88":{"start":{"line":143,"column":4},"end":{"line":143,"column":47}},"89":{"start":{"line":144,"column":4},"end":{"line":147,"column":5}},"90":{"start":{"line":145,"column":6},"end":{"line":145,"column":27}},"91":{"start":{"line":146,"column":6},"end":{"line":146,"column":41}},"92":{"start":{"line":146,"column":22},"end":{"line":146,"column":41}},"93":{"start":{"line":150,"column":2},"end":{"line":153,"column":3}},"94":{"start":{"line":151,"column":4},"end":{"line":151,"column":24}},"95":{"start":{"line":152,"column":4},"end":{"line":152,"column":14}}},"branchMap":{"1":{"line":21,"type":"if","locations":[{"start":{"line":21,"column":0},"end":{"line":21,"column":0}},{"start":{"line":21,"column":0},"end":{"line":21,"column":0}}]},"2":{"line":26,"type":"if","locations":[{"start":{"line":26,"column":0},"end":{"line":26,"column":0}},{"start":{"line":26,"column":0},"end":{"line":26,"column":0}}]},"3":{"line":26,"type":"binary-expr","locations":[{"start":{"line":26,"column":4},"end":{"line":26,"column":16}},{"start":{"line":26,"column":20},"end":{"line":26,"column":26}}]},"4":{"line":35,"type":"if","locations":[{"start":{"line":35,"column":0},"end":{"line":35,"column":0}},{"start":{"line":35,"column":0},"end":{"line":35,"column":0}}]},"5":{"line":35,"type":"binary-expr","locations":[{"start":{"line":35,"column":4},"end":{"line":35,"column":15}},{"start":{"line":35,"column":19},"end":{"line":35,"column":33}}]},"6":{"line":47,"type":"if","locations":[{"start":{"line":47,"column":0},"end":{"line":47,"column":0}},{"start":{"line":47,"column":0},"end":{"line":47,"column":0}}]},"7":{"line":48,"type":"cond-expr","locations":[{"start":{"line":48,"column":43},"end":{"line":48,"column":52}},{"start":{"line":48,"column":55},"end":{"line":48,"column":83}}]},"8":{"line":53,"type":"cond-expr","locations":[{"start":{"line":53,"column":30},"end":{"line":53,"column":39}},{"start":{"line":53,"column":42},"end":{"line":53,"column":45}}]},"9":{"line":66,"type":"if","locations":[{"start":{"line":66,"column":2},"end":{"line":66,"column":2}},{"start":{"line":66,"column":2},"end":{"line":66,"column":2}}]},"10":{"line":67,"type":"if","locations":[{"start":{"line":67,"column":2},"end":{"line":67,"column":2}},{"start":{"line":67,"column":2},"end":{"line":67,"column":2}}]},"11":{"line":76,"type":"if","locations":[{"start":{"line":76,"column":2},"end":{"line":76,"column":2}},{"start":{"line":76,"column":2},"end":{"line":76,"column":2}}]},"12":{"line":78,"type":"cond-expr","locations":[{"start":{"line":78,"column":45},"end":{"line":78,"column":55}},{"start":{"line":78,"column":58},"end":{"line":78,"column":87}}]},"13":{"line":89,"type":"if","locations":[{"start":{"line":89,"column":4},"end":{"line":89,"column":4}},{"start":{"line":89,"column":4},"end":{"line":89,"column":4}}]},"14":{"line":91,"type":"if","locations":[{"start":{"line":91,"column":11},"end":{"line":91,"column":11}},{"start":{"line":91,"column":11},"end":{"line":91,"column":11}}]},"15":{"line":99,"type":"if","locations":[{"start":{"line":99,"column":6},"end":{"line":99,"column":6}},{"start":{"line":99,"column":6},"end":{"line":99,"column":6}}]},"16":{"line":106,"type":"if","locations":[{"start":{"line":106,"column":4},"end":{"line":106,"column":4}},{"start":{"line":106,"column":4},"end":{"line":106,"column":4}}]},"17":{"line":121,"type":"if","locations":[{"start":{"line":121,"column":2},"end":{"line":121,"column":2}},{"start":{"line":121,"column":2},"end":{"line":121,"column":2}}]},"18":{"line":125,"type":"if","locations":[{"start":{"line":125,"column":4},"end":{"line":125,"column":4}},{"start":{"line":125,"column":4},"end":{"line":125,"column":4}}]},"19":{"line":126,"type":"if","locations":[{"start":{"line":126,"column":4},"end":{"line":126,"column":4}},{"start":{"line":126,"column":4},"end":{"line":126,"column":4}}]},"20":{"line":126,"type":"binary-expr","locations":[{"start":{"line":126,"column":8},"end":{"line":126,"column":18}},{"start":{"line":126,"column":22},"end":{"line":126,"column":52}}]},"21":{"line":132,"type":"if","locations":[{"start":{"line":132,"column":6},"end":{"line":132,"column":6}},{"start":{"line":132,"column":6},"end":{"line":132,"column":6}}]},"22":{"line":143,"type":"cond-expr","locations":[{"start":{"line":143,"column":30},"end":{"line":143,"column":39}},{"start":{"line":143,"column":42},"end":{"line":143,"column":45}}]},"23":{"line":144,"type":"if","locations":[{"start":{"line":144,"column":4},"end":{"line":144,"column":4}},{"start":{"line":144,"column":4},"end":{"line":144,"column":4}}]},"24":{"line":146,"type":"if","locations":[{"start":{"line":146,"column":6},"end":{"line":146,"column":6}},{"start":{"line":146,"column":6},"end":{"line":146,"column":6}}]}},"code":["var path = require('path');","var fs = require('fs');","var createWatch = require('./lib/file-watch');","var createMainWindow = require('./lib/main-window');","var parseArgs = require('./lib/parse-args');","var mime = require('mime');","","var electron = require('electron');","var app = electron.app;","var ipc = electron.ipcMain;","var globals;","","var exitWithCode1 = false;","process.removeAllListeners('uncaughtException');","process.stdin.pause();","","var argv = parseArgs(process.argv.slice(2));","globals = argv.globals;","","app.commandLine.appendSwitch('disable-http-cache');","if (!argv.verbose) {","  app.commandLine.appendSwitch('v', '-1');","  app.commandLine.appendSwitch('vmodule', 'console=0');","}","","if (argv.version || argv.v) {","  console.log('devtool ' + require('./package.json').version);","  console.log('electron ' + process.versions.electron);","  console.log('node ' + process.versions.node);","  console.log('chrome ' + process.versions.chrome);","  process.exit(0);","}","","// inject V8 flags","if (argv.config && argv.config.v8) {","  var flags = []","      .concat(argv.config.v8.flags)","      .filter(Boolean);","  flags.forEach(function (flag) {","    app.commandLine.appendSwitch('js-flags', flag);","  });","}","","// determine absolute path to entry file","var cwd = process.cwd();","var entryFile = argv._[0];","if (entryFile) {","  entryFile = path.isAbsolute(entryFile) ? entryFile : path.resolve(cwd, entryFile);","  try {","    entryFile = require.resolve(entryFile);","    globals.entry = entryFile; // setup entry for preload","  } catch (err) {","    console.error(err.stack ? err.stack : err);","    process.exit(1);","  }","}","","var watcher = null;","var mainWindow = null;","app.on('window-all-closed', function () {","  app.quit();","});","","// Quit the server with the correct exit code","app.on('quit', function () {","  if (watcher) watcher.close();","  if (exitWithCode1) process.exit(1);","});","","app.on('ready', function () {","  electron.protocol.registerServiceWorkerSchemes(['file:']);","","  // Get starting HTML file","  var htmlFile = path.resolve(__dirname, 'lib', 'index.html');","  var customHtml = false; // if we should watch it as well","  if (argv.index) {","    customHtml = true;","    htmlFile = path.isAbsolute(argv.index) ? argv.index : path.resolve(cwd, argv.index);","  }","","  var mainIndexURL = 'file://' + __dirname + '/index.html';","","  // Replace index.html with custom one","  electron.protocol.interceptBufferProtocol('file', function (request, callback) {","    // We can't just spin up a local server for this, see here:","    // https://github.com/atom/electron/issues/2414","","    var file = request.url;","    if (file === mainIndexURL) {","      file = htmlFile;","    } else if (file.indexOf('file://') === 0) {","      // All other assets should be relative to the user's cwd","      file = file.substring(7);","      file = path.resolve(cwd, path.relative(__dirname, file));","    }","","    fs.readFile(file, function (err, data) {","      // Could convert Node error codes to Chromium for better reporting","      if (err) return callback(-6);","      callback({","        data: data,","        mimeType: mime.lookup(file)","      });","    });","  }, function (err) {","    if (err) fatal(err);","  });","","  // Setup the BrowserWindow","  mainWindow = createMainWindow(entryFile, mainIndexURL, argv, function () {","    // When we first launch, ensure the quit flag is set to the user args","    globals.quit = argv.quit;","  });","","  // De-reference for GC","  mainWindow.on('closed', function () {","    mainWindow = null;","  });","","  // Setup the file watcher","  if (argv.watch) {","    var globs = [].concat(argv.watch).filter(function (f) {","      return typeof f === 'string';","    });","    if (globs.length === 0) globs = [ '**/*.{js,json}' ];","    if (customHtml && globs.indexOf(htmlFile) === -1) {","      // also watch the specified --index HTML file","      globs.push(htmlFile);","    }","    watcher = createWatch(globs, argv);","    watcher.on('change', function (file) {","      if (mainWindow) mainWindow.reload();","    });","  }","","  // Fatal error in renderer","  ipc.on('error', function (event, errObj) {","    var err = JSON.parse(errObj);","    bail(err.stack);","  });","","  function bail (err) {","    console.error(err.stack ? err.stack : err);","    if (globals.quit) {","      exitWithCode1 = true;","      if (mainWindow) mainWindow.close();","    }","  }","","  function fatal (err) {","    globals.quit = true;","    bail(err);","  }","});",""],"l":{"1":2,"2":2,"3":2,"4":2,"5":2,"6":2,"8":2,"9":2,"10":2,"11":2,"13":2,"14":2,"15":2,"17":2,"18":0,"20":0,"21":0,"22":0,"23":0,"26":0,"27":0,"28":0,"29":0,"30":0,"31":0,"35":0,"36":0,"39":0,"40":0,"45":0,"46":0,"47":0,"48":0,"49":0,"50":0,"51":0,"53":0,"54":0,"58":0,"59":0,"60":0,"61":0,"65":0,"66":0,"67":0,"70":0,"71":0,"74":0,"75":0,"76":0,"77":0,"78":0,"81":0,"84":0,"88":0,"89":0,"90":0,"91":0,"93":0,"94":0,"97":0,"99":0,"100":0,"106":0,"110":0,"112":0,"116":0,"117":0,"121":0,"122":0,"123":0,"125":0,"126":0,"128":0,"130":0,"131":0,"132":0,"137":0,"138":0,"139":0,"142":1,"143":0,"144":0,"145":0,"146":0,"150":1,"151":0,"152":0}},"/home/travis/build/npmtest/node-npmtest-devtool/node_modules/devtool/lib/file-watch.js":{"path":"/home/travis/build/npmtest/node-npmtest-devtool/node_modules/devtool/lib/file-watch.js","s":{"1":1,"2":1,"3":1,"4":1,"5":1,"6":0,"7":0,"8":0,"9":0,"10":0,"11":0,"12":0,"13":0,"14":0,"15":0,"16":0,"17":0,"18":0,"19":0,"20":0,"21":0,"22":0,"23":0,"24":0,"25":0},"b":{"1":[0,0],"2":[0,0],"3":[0,0],"4":[0,0]},"f":{"1":0,"2":0,"3":0,"4":0},"fnMap":{"1":{"name":"fileWatch","line":12,"loc":{"start":{"line":12,"column":17},"end":{"line":12,"column":48}}},"2":{"name":"(anonymous_2)","line":27,"loc":{"start":{"line":27,"column":23},"end":{"line":27,"column":39}}},"3":{"name":"(anonymous_3)","line":32,"loc":{"start":{"line":32,"column":24},"end":{"line":32,"column":36}}},"4":{"name":"(anonymous_4)","line":37,"loc":{"start":{"line":37,"column":18},"end":{"line":37,"column":30}}}},"statementMap":{"1":{"start":{"line":2,"column":0},"end":{"line":2,"column":35}},"2":{"start":{"line":3,"column":0},"end":{"line":3,"column":38}},"3":{"start":{"line":4,"column":0},"end":{"line":4,"column":50}},"4":{"start":{"line":6,"column":0},"end":{"line":10,"column":2}},"5":{"start":{"line":12,"column":0},"end":{"line":43,"column":2}},"6":{"start":{"line":13,"column":2},"end":{"line":16,"column":10}},"7":{"start":{"line":18,"column":2},"end":{"line":20,"column":3}},"8":{"start":{"line":19,"column":4},"end":{"line":19,"column":26}},"9":{"start":{"line":22,"column":2},"end":{"line":22,"column":35}},"10":{"start":{"line":23,"column":2},"end":{"line":23,"column":21}},"11":{"start":{"line":24,"column":2
[...]
console (i.e. for dev)","  var shouldQuit = globals.quit;","  if (shouldQuit) {","    window.onerror = function (a, b, c, d, err) {","      fatalError(err);","      return true;","    };","  }","","  // Enable service workers","  electron.webFrame.registerURLSchemeAsPrivileged('file');","  electron.webFrame.registerURLSchemeAsSecure('file');","  electron.webFrame.registerURLSchemeAsBypassingCSP('file');","","  // hook into the internal require for a few features:","  //  - better error reporting on syntax errors and missing modules","  //  - require.main acts like node.js CLI","  //  - injecting debugger with --break","  //  - undefining window/document/self/navigator","  //  - adding source maps so the files show up in DevTools Sources","  requireHook({","    entry: entry,","    sourceMaps: globals.sourceMaps,","    debugBreak: globals.debugBreak,","    browserGlobals: globals.browserGlobals,","    browserField: globals.browserField,","    basedir: cwd","  });","","  var firstRun = true;","  // boot up entry application when DOM is ready","  ipc.on('run-entry', function () {","    if (Array.isArray(globals.requirePaths)) {","      globals.requirePaths.forEach(doRequire);","    }","    if (entry) require(entry);","    if (firstRun) {","      // Tell the main thread to send along stdin","      firstRun = false;","      ipc.send('first-run');","    }","  });","","  function doRequire (file) {","    var result;","    var resolveOpt = { basedir: cwd };","    if (globals.browserField) {","      result = browserResolve.sync(file, resolveOpt);","    } else {","      result = nodeResolve.sync(file, resolveOpt);","    }","    require(result);","  }","","  function fatalError (err) {","    ipc.send('error', JSON.stringify(serialize(err)));","  }","","  function hookProcess () {","    // setup renderer process to look a bit more like node","    process.chdir(cwd);","    process.argv = _process.argv.slice();","    process.exit = function (code) {","      _process.exit(code || 0);","    };","","    // Remove the Electron argument to make it more","    // like Node.js argv handling. User can still","    // grab remote.process.argv for original.","    process.argv.shift();","","    // if -- is passed, all options after it will be the","    // new user arguments","    var stopIdx = process.argv.indexOf('--');","    if (stopIdx >= 0) {","      var start = process.argv.slice(0, entry ? 2 : 1);","      process.argv = start.concat(process.argv.slice(stopIdx + 1));","    }","","    // like node, ensure we use the full file path instead","    // of the relative path that the user specified in CLI","    if (entry) {","      process.argv[1] = entry;","    }","","    // renderer streams should have same isTTY as main","    var isTTY = globals._processTTY;","    process.stdout.isTTY = isTTY.stdout;","    process.stderr.isTTY = isTTY.stderr;","","    if (/^win/.test(process.platform)) {","      // clear the property first to avoid error from mockProcess","      Object.defineProperty(process, 'stdin', {","        value: undefined,","        configurable: true,","        writable: false","      });","      // now mock stdin","      mockProcess.stdin();","    } else {","      process.stdin._read = function () {","        this.push('');","      };","    }","","    process.stdin.isTTY = isTTY.stdin;","","    // send along any stdin","    ipc.on('stdin', function (event, data) {","      process.stdin.push(data);","    });","  }","})();",""],"l":{"6":2,"7":2,"8":2,"9":2,"10":2,"11":2,"12":2,"13":2,"14":2,"15":2,"16":2,"18":2,"19":2,"20":0,"23":0,"24":0,"27":0,"28":0,"32":0,"35":0,"36":0,"41":0,"42":0,"45":0,"46":0,"47":0,"54":0,"55":0,"56":0,"57":0,"58":0,"63":0,"64":0,"65":0,"73":0,"82":0,"84":0,"85":0,"86":0,"88":0,"89":0,"91":0,"92":0,"96":1,"97":0,"98":0,"99":0,"100":0,"102":0,"104":0,"107":1,"108":0,"111":1,"113":0,"114":0,"115":0,"116":0,"122":0,"126":0,"127":0,"128":0,"129":0,"134":0,"135":0,"139":0,"140":0,"141":0,"143":0,"145":0,"151":0,"153":0,"154":0,"158":0,"161":0,"162":0}},"/home/travis/build/npmtest/node-npmtest-devtool/node_modules/devtool/lib/require-hook.js":{"path":"/home/travis/build/npmtest/node-npmtest-devtool/node_modules/devtool/lib/require-hook.js","s":{"1":1,"2":0,"3":0,"4":0,"5":0,"6":0,"7":0,"8":0,"9":0,"10":0,"11":0,"12":0,"13":0,"14":0,"15":0,"16":0,"17":0,"18":0,"19":0,"20":0,"21":0,"22":0,"23":0,"24":0,"25":0,"26":0,"27":0,"28":0,"29":0,"30":0,"31":0,"32":0,"33":0,"34":0,"35":0,"36":0,"37":0,"38":0,"39":0,"40":0,"41":0,"42":0,"43":0,"44":0,"45":0,"46":0,"47":0,"48":0,"49":0,"50":0,"51":0,"52":0,"53":0,"54":1,"55":0,"56":0,"57":0,"58":0,"59":0,"60":0,"61":0,"62":0,"63":0},"b":{"1":[0,0],"2":[0,0],"3":[0,0],"4":[0,0,0],"5":[0,0],"6":[0,0],"7":[0,0],"8":[0,0],"9":[0,0],"10":[0,0],"11":[0,0],"12":[0,0],"13":[0,0],"14":[0,0],"15":[0,0],"16":[0,0]},"f":{"1":0,"2":0,"3":0,"4":0,"5":0},"fnMap":{"1":{"name":"requireHook","line":1,"loc":{"start":{"line":1,"column":17},"end":{"line":1,"column":45}}},"2":{"name":"devtoolCompileModule","line":21,"loc":{"start":{"line":21,"column":30},"end":{"line":21,"column":75}}},"3":{"name":"devtoolWrapModule","line":56,"loc":{"start":{"line":56,"column":16},"end":{"line":56,"column":52}}},"4":{"name":"moduleWrap","line":103,"loc":{"start":{"line":103,"column":2},"end":{"line":103,"column":31}}},"5":{"name":"devtoolResolveFilename","line":118,"loc":{"start":{"line":118,"column":30},"end":{"line":118,"column":81}}}},"statementMap":{"1":{"start":{"line":1,"column":0},"end":{"line":131,"column":2}},"2":{"start":{"line":2,"column":2},"end":{"line":2,"column":20}},"3":{"start":{"line":4,"column":2},"end":{"line":4,"column":29}},"4":{"start":{"line":5,"column":2},"end":{"line":5,"column":42}},"5":{"start":{"line":6,"column":2},"end":{"line":6,"column":33}},"6":{"start":{"line":7,"column":2},"end":{"line":7,"column":44}},"7":{"start":{"line":8,"column":2},"end":{"line":8,"column":32}},"8":{"start":{"line":9,"column":2},"end":{"line":9,"column":38}},"9":{"start":{"line":10,"column":2},"end":{"line":10,"column":55}},"10":{"start":{"line":11,"column":2},"end":{"line":11,"column":55}},"11":{"start":{"line":12,"column":2},"end":{"line":12,"column":50}},"12":{"start":{"line":14,"column":2},"end":{"line":14,"column":25}},"13":{"start":{"line":15,"column":2},"end":{"line":15,"column":53}},"14":{"start":{"line":16,"column":2},"end":{"line":16,"column":48}},"15":{"start":{"line":18,"column":2},"end":{"line":18,"column":25}},"16":{"start":{"line":19,"column":2},"end":{"line":19,"column":29}},"17":{"start":{"line":21,"column":2},"end":{"line":52,"column":4}},"18":{"start":{"line":23,"column":4},"end":{"line":27,"column":5}},"19":{"start":{"line":24,"column":6},"end":{"line":24,"column":24}},"20":{"start":{"line":25,"column":6},"end":{"line":25,"column":27}},"21":{"start":{"line":26,"column":6},"end":{"line":26,"column":34}},"22":{"start":{"line":29,"column":4},"end":{"line":29,"column":45}},"23":{"start":{"line":30,"column":4},"end":{"line":51,"column":5}},"24":{"start":{"line":31,"column":6},"end":{"line":31,"column":29}},"25":{"start":{"line":32,"column":6},"end":{"line":32,"column":44}},"26":{"start":{"line":35,"column":6},"end":{"line":35,"column":44}},"27":{"start":{"line":36,"column":6},"end":{"line":45,"column":7}},"28":{"start":{"line":38,"column":8},"end":{"line":38,"column":40}},"29":{"start":{"line":44,"column":8},"end":{"line":44,"column":55}},"30":{"start":{"line":50,"column":6},"end":{"line":50,"column":16}},"31":{"start":{"line":55,"column":2},"end":{"line":55,"column":25}},"32":{"start":{"line":56,"column":2},"end":{"line":101,"column":4}},"33":{"start":{"line":58,"column":4},"end":{"line":58,"column":26}},"34":{"start":{"line":59,"column":4},"end":{"line":62,"column":5}},"35":{"start":{"line":60,"column":6},"end":{"line":60,"column":34}},"36":{"start":{"line":61,"column":6},"end":{"line":61,"column":34}},"37":{"start":{"line":65,"column":4},"end":{"line":65,"column":70}},"38":{"start":{"line":65,"column":44},"end":{"line":65,"column":70}},"39":{"start":{"line":67,"column":4},"end":{"line":67,"column":81}},"40":{"start":{"line":68,"column":4},"end":{"line":68,"column":51}},"41":{"start":{"line":69,"column":4},"end":{"line":69,"column":49}},"42":{"start":{"line":70,"column":4},"end":{"line":70,"column":64}},"43":{"start":{"line":71,"column":4},"end":{"line":71,"column":71}},"44":{"start":{"line":74,"column":4},"end":{"line":87,"column":5}},"45":{"start":{"line":75,"column":6},"end":{"line":86,"column":7}},"46":{"start":{"line":76,"column":8},"end":{"line":76,"column":77}},"47":{"start":{"line":77,"column":8},"end":{"line":80,"column":21}},"48":{"start":{"line":81,"column":8},"end":{"line":81,"column":26}},"49":{"start":{"line":89,"column":4},"end":{"line":89,"column":40}},"50":{"start":{"line":92,"column":4},"end":{"line":92,"column":52}},"51":{"start":{"line":92,"column":34},"end":{"line":92,"column":52}},"52":{"start":{"line":95,"column":4},"end":{"line":96,"column":63}},"53":{"start":{"line":97,"column":4},"end":{"line":100,"column":17}},"54":{"start":{"line":103,"column":2},"end":{"line":113,"column":3}},"55":{"start":{"line":104,"column":4},"end":{"line":112,"column":5}},"56":{"start":{"line":106,"column":6},"end":{"line":106,"column":39}},"57":{"start":{"line":109,"column":6},"end":{"line":111,"column":16}},"58":{"start":{"line":116,"column":2},"end":{"line":130,"column":3}},"59":{"start":{"line":117,"column":4},"end":{"line":117,"column":48}},"60":{"start":{"line":118,"column":4},"end":{"line":129,"column":6}},"61":{"start":{"line":119,"column":6},"end":{"line":128,"column":7}},"62":{"start":{"line":121,"column":8},"end":{"line":124,"column":11}},"63":{"start":{"line":127,"column":8},"end":{"line":127,"column":60}}},"branchMap":{"1":{"line":2,"type":"binary-expr","locations":[{"start":{"line":2,"column":9},"end":{"line":2,"column":13}},{"start":{"line":2,"column":17},"end":{"line":2,"column":19}}]},"2":{"line":15,"type":"binary-expr","locations":[{"start":{"line":15,"column":16},"end":{"line":15,"column":28}},{"start":{"line":15,"column":32},"end":{"line":15,"column":52}}]},"3":{"line":23,"type":"if","locations":[{"start":{"line":23,"column":4},"end":{"line":23,"column":4}},{"start":{"line":23,"column":4},"end":{"line":23,"column":4}}]},"4":{"line":23,"type":"binary-expr","locations":[{"start":{"line":23,"column":8},"end":{"line":23,"column":19}},{"start":{"line":23,"column":23},"end":{"line":23,"column":28}},{"start":{"line":23,"column":32},"end":{"line":23,"column":46}}]},"5":{"line":36,"type":"if","locations":[{"start":{"line":36,"column":6},"end":{"line":36,"column":6}},{"start":{"line":36,"column":6},"end":{"line":36,"column":6}}]},"6":{"line":36,"type":"binary-expr","locations":[{"start":{"line":36,"column":10},"end":{"line":36,"column":17}},{"start":{"line":36,"column":21},"end":{"line":36,"column":38}}]},"7":{"line":59,"type":"if","locations":[{"start":{"line":59,"column":4},"end":{"line":59,"column":4}},{"start":{"line":59,"column":4},"end":{"line":59,"column":4}}]},"8":{"line":59,"type":"binary-expr","locations":[{"start":{"line":59,"column":8},"end":{"line":59,"column":23}},{"start":{"line":59,"column":27},"end":{"line":59,"column":52}}]},"9":{"line":65,"type":"if","locations":[{"start":{"line":65,"column":4},"end":{"line":65,"column":4}},{"start":{"line":65,"column":4},"end":{"line":65,"column":4}}]},"10":{"line":65,"type":"binary-expr","locations":[{"start":{"line":65,"column":8},"end":{"line":65,"column":24}},{"start":{"line":65,"column":28},"end":{"line":65,"column":42}}]},"11":{"line":74,"type":"if","locations":[{"start":{"line":74,"column":4},"end":{"line":74,"column":4}},{"start":{"line":74,"column":4},"end":{"line":74,"column":4}}]},"12":{"line":74,"type":"binary-expr","locations":[{"start":{"line":74,"column":8},"end":{"line":74,"column":19}},{"start":{"line":74,"column":23},"end":{"line":74,"column":33}}]},"13":{"line":92,"type":"if","locations":[{"start":{"line":92,"column":4},"end":{"line":92,"column":4}},{"start":{"line":92,"column":4},"end":{"line":92,"column":4}}]},"14":{"line":92,"type":"binary-expr","locations":[{"start":{"line":92,"column":8},"end":{"line":92,"column":18}},{"start":{"line":92,"column":22},"end":{"line":92,"column":32}}]},"15":{"line":104,"type":"if","locations":[{"start":{"line":104,"column":4},"end":{"line":104,"column":4}},{"start":{"line":104,"column":4},"end":{"line":104,"column":4}}]},"16":{"line":116,"type":"if","locations":[{"start":{"line":116,"column":2},"end":{"line":116,"column":2}},{"start":{"line":116,"column":2},"end":{"line":116,"column":2}}]}},"code":["module.exports = function requireHook (opts) {","  opts = opts || {};","","  var path = require('path');","  var remote = require('electron').remote;","  var Module = require('module');","  var syntaxError = require('syntax-error');","  var fs = remote.require('fs');","  var stripBOM = require('strip-bom');","  var combineSourceMap = require('combine-source-map');","  var convertSourceMap = require('convert-source-map');","  var browserResolve = require('browser-resolve');","","  var entry = opts.entry;","  var basedir = opts.basedir || remote.process.cwd();","  var useSourceMaps = opts.sourceMaps !== false;","","  var hasSetMain = false;","  var currentWrapFile = null;","","  require.extensions['.js'] = function devtoolCompileModule (module, file) {","    // set the main module so that Node.js scripts run correctly","    if (!hasSetMain && entry && file === entry) {","      hasSetMain = true;","      module.parent = null; // pretend like we have no parent for this","      process.mainModule = module;","    }","","    var code = fs.readFileSync(file, 'utf8');","    try {","      currentWrapFile = file;","      module._compile(stripBOM(code), file);","    } catch (err) {","      // Try to improve error messages for better UX.","      var realErr = syntaxError(code, file);","      if (realErr && realErr.annotated) {","        // We found a nice error message for the user.","        err.message = realErr.annotated;","      } else {","        // Did not get a nice error. Let's improve it by","        // adding the file.","        // We might get here e.g. if using ES6 features not","        // supported in V8/Node.","        err.message = '\\n' + file + '\\n' + err.message;","      }","","      // And throw the original so Chrome debugger","      // can stop on it. When --quit is passed, this","      // will trigger window.onerror.","      throw err;","    }","  };","","  // Include source maps for required modules","  var wrap = Module.wrap;","  Module.wrap = function devtoolWrapModule (script) {","    // Setup source maps and inject a hidden debugger statement","    var original = script;","    if (opts.debugBreak && currentWrapFile === entry) {","      var debugExpr = 'debugger;';","      script = debugExpr + script;","    }","","    // bail early if we don't have a path","    if (!currentWrapFile || !useSourceMaps) return moduleWrap(script);","","    var sourceFile = path.relative(basedir, currentWrapFile).replace(/\\\\/g, '/');","    var sourceFileName = path.basename(sourceFile);","    var sourceFileDir = path.dirname(sourceFile);","    var hasComment = convertSourceMap.commentRegex.test(script);","    var hasMapFile = convertSourceMap.mapFileCommentRegex.test(script);","","    // if we have a map pointing to a file, inline it as base64","    if (!hasComment && hasMapFile) {","      try {","        var sm = convertSourceMap.fromMapFileSource(original, sourceFileDir);","        script = [","          combineSourceMap.removeComments(script),","          convertSourceMap.fromObject(sm.sourcemap).toComment()","        ].join('\\n');","        hasComment = true; // now we have base64 comment","      } catch (err) {","        // Don't attempt to handle source maps for this file,","        // it is most likely a comment about source maps and not","        // a *real* source map comment!","      }","    }","","    var wrapScript = moduleWrap(script);","","    // do not make any more alterations to the source maps","    if (hasComment || hasMapFile) return wrapScript;","","    // Otherwise, if no source maps exist, we can generate a new one","    var sourceMap = combineSourceMap.create(sourceFileName, basedir)","        .addFile({ sourceFile: sourceFile, source: original });","    return [","      combineSourceMap.removeComments(wrapScript),","      sourceMap.comment()","    ].join('\\n');","  };","","  function moduleWrap (script) {","    if (opts.browserGlobals) {","      // Use native module wrapper","      return wrap.call(Module, script);","    } else {","      // Use custom module wrapper that undefines window/document","      return '(function (exports, require, module, __filename, __dirname, process, global, window, navigator, document, self) { ' +","        script +","        '\\n});';","    }","  }","","  // Use browser field resolution for require statements","  if (opts.browserField) {","    var nativeResolve = Module._resolveFilename;","    Module._resolveFilename = function devtoolResolveFilename (filename, parent) {","      try {","        // Try to use a browser resolver first...","        return browserResolve.sync(filename, {","          filename: parent.filename,","          paths: parent.paths","        });","      } catch (e) {","        // Otherwise fall back to native; e.g. for Electron requires","        return nativeResolve.call(Module, filename, parent);","      }","    };","  }","};",""],"l":{"1":1,"2":0,"4":0,"5":0,"6":0,"7":0,"8":0,"9":0,"10":0,"11":0,"12":0,"14":0,"15":0,"16":0,"18":0,"19":0,"21":0,"23":0,"24":0,"25":0,"26":0,"29":0,"30":0,"31":0,"32":0,"35":0,"36":0,"38":0,"44":0,"50":0,"55":0,"56":0,"58":0,"59":0,"60":0,"61":0,"65":0,"67":0,"68":0,"69":0,"70":0,"71":0,"74":0,"75":0,"76":0,"77":0,"81":0,"89":0,"92":0,"95":0,"97":0,"103":1,"104":0,"106":0,"109":0,"116":0,"117":0,"118":0,"119":0,"121":0,"127":0}},"/home/travis/build/npmtest/node-npmtest-devtool/node_modules/devtool/lib/timer-hook.js":{"path":"/home/travis/build/npmtest/node-npmtest-devtool/node_modules/devtool/lib/timer-hook.js","s":{"1":1,"2":1,"3":0,"4":0,"5":0,"6":0,"7":1,"8":0,"9":0,"10":0},"b":{},"f":{"1":0,"2":0,"3":0},"fnMap":{"1":{"name":"timerHook","line":10,"loc":{"start":{"line":10,"column":17},"end":{"line":10,"column":39}}},"2":{"name":"wrapWithActivateUvLoop","line":17,"loc":{"start":{"line":17,"column":0},"end":{"line":17,"column":39}}},"3":{"name":"updateTimerLoop","line":18,"loc":{"start":{"line":18,"column":9},"end":{"line":18,"column":37}}}},"statementMap":{"1":{"start":{"line":8,"column":0},"end":{"line":8,"column":31}},"2":{"start":{"line":10,"column":0},"end":{"line":15,"column":2}},"3":{"start":{"line":11,"column":2},"end":{"line":11,"column":64}},"4":{"start":{"line":12,"column":2},"end":{"line":12,"column":66}},"5":{"start":{"line":13,"column":2},"end":{"line":13,"column":44}},"6":{"start":{"line":14,"column":2},"end":{"line":14,"column":46}},"7":{"start":{"line":17,"column":0},"end":{"line":22,"column":1}},"8":{"start":{"line":18,"column":2},"end":{"line":21,"column":4}},"9":{"start":{"line":19,"column":4},"end":{"line":19,"column":29}},"10":{"start":{"line":20,"column":4},"end":{"line":20,"column":39}}},"branchMap":{},"code":["/*","  Shims global timers to behave like node,","  returning values with ref() and unref().","  This is on by default; you can disable with","  --no-node-timers or --no-nt"," */","","var timers = require('timers');","","module.exports = function timerHook () {","  global.setTimeout = wrapWithActivateUvLoop(timers.setTimeout);","  global.setInterval = wrapWithActivateUvLoop(timers.setInterval);","  global.clearTimeout = timers.clearTimeout;","  global.clearInterval = timers.clearInterval;","};","","function wrapWithActivateUvLoop (func) {","  return function updateTimerLoop () {","    process.activateUvLoop();","    return func.apply(this, arguments);","  };","}",""],"l":{"8":1,"10":1,"11":0,"12":0,"13":0,"14":0,"17":1,"18":0,"19":0,"20":0}}}